<?xml version="1.0" encoding="UTF-8" ?>
<testsuites name="vitest tests" tests="233" failures="60" errors="0" time="1.625">
    <testsuite name="contracts/appointments.contract.test.ts" timestamp="2026-01-20T20:48:27.534Z" hostname="DESKTOP-9MF6OEV" tests="26" failures="6" errors="0" skipped="0" time="0.0726429">
        <testcase classname="contracts/appointments.contract.test.ts" name="Appointments API Contract Tests &gt; GET /appointments &gt; should return 401 without authentication" time="0.0113846">
            <failure message="fetch failed" type="TypeError">
TypeError: fetch failed
 ❯ apiRequest helpers/api-client.ts:57:20
 ❯ contracts/appointments.contract.test.ts:27:24

{
  stack: &apos;AggregateError: \n&apos; +
    &apos;    at internalConnectMultiple (node:net:1134:18)\n&apos; +
    &apos;    at afterConnectMultiple (node:net:1715:7)&apos;,
  errors: [
    {
      stack: &apos;Error: connect ECONNREFUSED ::1:3001\n&apos; +
        &apos;    at createConnectionError (node:net:1678:14)\n&apos; +
        &apos;    at afterConnectMultiple (node:net:1708:16)&apos;,
      message: &apos;connect ECONNREFUSED ::1:3001&apos;,
      errno: -4078,
      code: &apos;ECONNREFUSED&apos;,
      syscall: &apos;connect&apos;,
      address: &apos;::1&apos;,
      port: 3001,
      constructor: &apos;Function&lt;Error&gt;&apos;,
      name: &apos;Error&apos;,
      toString: &apos;Function&lt;toString&gt;&apos;
    },
    {
      stack: &apos;Error: connect ECONNREFUSED 127.0.0.1:3001\n&apos; +
        &apos;    at createConnectionError (node:net:1678:14)\n&apos; +
        &apos;    at afterConnectMultiple (node:net:1708:16)&apos;,
      message: &apos;connect ECONNREFUSED 127.0.0.1:3001&apos;,
      errno: -4078,
      code: &apos;ECONNREFUSED&apos;,
      syscall: &apos;connect&apos;,
      address: &apos;127.0.0.1&apos;,
      port: 3001,
      constructor: &apos;Function&lt;Error&gt;&apos;,
      name: &apos;Error&apos;,
      toString: &apos;Function&lt;toString&gt;&apos;
    }
  ],
  code: &apos;ECONNREFUSED&apos;,
  stackStr: &apos;AggregateError: \n&apos; +
    &apos;    at internalConnectMultiple (node:net:1134:18)\n&apos; +
    &apos;    at afterConnectMultiple (node:net:1715:7)&apos;,
  nameStr: &apos;AggregateError&apos;,
  expected: &apos;undefined&apos;,
  actual: &apos;undefined&apos;,
  message: &apos;&apos;,
  constructor: &apos;Function&lt;AggregateError&gt;&apos;,
  name: &apos;Caused by: Caused by: AggregateError&apos;,
  toString: &apos;Function&lt;toString&gt;&apos;,
  stacks: []
}
⎯⎯⎯⎯⎯⎯⎯⎯⎯⎯⎯⎯⎯⎯⎯⎯⎯⎯⎯⎯⎯⎯⎯⎯⎯⎯⎯⎯⎯⎯
Serialized Error: { errors: [ { stack: &apos;Error: connect ECONNREFUSED ::1:3001\n    at createConnectionError (node:net:1678:14)\n    at afterConnectMultiple (node:net:1708:16)&apos;, message: &apos;connect ECONNREFUSED ::1:3001&apos;, errno: -4078, code: &apos;ECONNREFUSED&apos;, syscall: &apos;connect&apos;, address: &apos;::1&apos;, port: 3001, constructor: &apos;Function&lt;Error&gt;&apos;, name: &apos;Error&apos;, toString: &apos;Function&lt;toString&gt;&apos; }, { stack: &apos;Error: connect ECONNREFUSED 127.0.0.1:3001\n    at createConnectionError (node:net:1678:14)\n    at afterConnectMultiple (node:net:1708:16)&apos;, message: &apos;connect ECONNREFUSED 127.0.0.1:3001&apos;, errno: -4078, code: &apos;ECONNREFUSED&apos;, syscall: &apos;connect&apos;, address: &apos;127.0.0.1&apos;, port: 3001, constructor: &apos;Function&lt;Error&gt;&apos;, name: &apos;Error&apos;, toString: &apos;Function&lt;toString&gt;&apos; } ], code: &apos;ECONNREFUSED&apos; }
            </failure>
        </testcase>
        <testcase classname="contracts/appointments.contract.test.ts" name="Appointments API Contract Tests &gt; GET /appointments &gt; should return array of appointments when authenticated" time="0.0005021">
        </testcase>
        <testcase classname="contracts/appointments.contract.test.ts" name="Appointments API Contract Tests &gt; GET /appointments &gt; should support pagination parameters" time="0.0002502">
        </testcase>
        <testcase classname="contracts/appointments.contract.test.ts" name="Appointments API Contract Tests &gt; GET /appointments &gt; should support status filter" time="0.0002323">
        </testcase>
        <testcase classname="contracts/appointments.contract.test.ts" name="Appointments API Contract Tests &gt; GET /appointments &gt; should reject invalid pagination values" time="0.0002071">
        </testcase>
        <testcase classname="contracts/appointments.contract.test.ts" name="Appointments API Contract Tests &gt; POST /appointments &gt; should return 401 without authentication" time="0.0061482">
            <failure message="fetch failed" type="TypeError">
TypeError: fetch failed
 ❯ apiRequest helpers/api-client.ts:57:20
 ❯ contracts/appointments.contract.test.ts:85:24

{
  stack: &apos;AggregateError: \n&apos; +
    &apos;    at internalConnectMultiple (node:net:1134:18)\n&apos; +
    &apos;    at afterConnectMultiple (node:net:1715:7)&apos;,
  errors: [
    {
      stack: &apos;Error: connect ECONNREFUSED ::1:3001\n&apos; +
        &apos;    at createConnectionError (node:net:1678:14)\n&apos; +
        &apos;    at afterConnectMultiple (node:net:1708:16)&apos;,
      message: &apos;connect ECONNREFUSED ::1:3001&apos;,
      errno: -4078,
      code: &apos;ECONNREFUSED&apos;,
      syscall: &apos;connect&apos;,
      address: &apos;::1&apos;,
      port: 3001,
      constructor: &apos;Function&lt;Error&gt;&apos;,
      name: &apos;Error&apos;,
      toString: &apos;Function&lt;toString&gt;&apos;
    },
    {
      stack: &apos;Error: connect ECONNREFUSED 127.0.0.1:3001\n&apos; +
        &apos;    at createConnectionError (node:net:1678:14)\n&apos; +
        &apos;    at afterConnectMultiple (node:net:1708:16)&apos;,
      message: &apos;connect ECONNREFUSED 127.0.0.1:3001&apos;,
      errno: -4078,
      code: &apos;ECONNREFUSED&apos;,
      syscall: &apos;connect&apos;,
      address: &apos;127.0.0.1&apos;,
      port: 3001,
      constructor: &apos;Function&lt;Error&gt;&apos;,
      name: &apos;Error&apos;,
      toString: &apos;Function&lt;toString&gt;&apos;
    }
  ],
  code: &apos;ECONNREFUSED&apos;,
  stackStr: &apos;AggregateError: \n&apos; +
    &apos;    at internalConnectMultiple (node:net:1134:18)\n&apos; +
    &apos;    at afterConnectMultiple (node:net:1715:7)&apos;,
  nameStr: &apos;AggregateError&apos;,
  expected: &apos;undefined&apos;,
  actual: &apos;undefined&apos;,
  message: &apos;&apos;,
  constructor: &apos;Function&lt;AggregateError&gt;&apos;,
  name: &apos;Caused by: Caused by: AggregateError&apos;,
  toString: &apos;Function&lt;toString&gt;&apos;,
  stacks: []
}
⎯⎯⎯⎯⎯⎯⎯⎯⎯⎯⎯⎯⎯⎯⎯⎯⎯⎯⎯⎯⎯⎯⎯⎯⎯⎯⎯⎯⎯⎯
Serialized Error: { errors: [ { stack: &apos;Error: connect ECONNREFUSED ::1:3001\n    at createConnectionError (node:net:1678:14)\n    at afterConnectMultiple (node:net:1708:16)&apos;, message: &apos;connect ECONNREFUSED ::1:3001&apos;, errno: -4078, code: &apos;ECONNREFUSED&apos;, syscall: &apos;connect&apos;, address: &apos;::1&apos;, port: 3001, constructor: &apos;Function&lt;Error&gt;&apos;, name: &apos;Error&apos;, toString: &apos;Function&lt;toString&gt;&apos; }, { stack: &apos;Error: connect ECONNREFUSED 127.0.0.1:3001\n    at createConnectionError (node:net:1678:14)\n    at afterConnectMultiple (node:net:1708:16)&apos;, message: &apos;connect ECONNREFUSED 127.0.0.1:3001&apos;, errno: -4078, code: &apos;ECONNREFUSED&apos;, syscall: &apos;connect&apos;, address: &apos;127.0.0.1&apos;, port: 3001, constructor: &apos;Function&lt;Error&gt;&apos;, name: &apos;Error&apos;, toString: &apos;Function&lt;toString&gt;&apos; } ], code: &apos;ECONNREFUSED&apos; }
            </failure>
        </testcase>
        <testcase classname="contracts/appointments.contract.test.ts" name="Appointments API Contract Tests &gt; POST /appointments &gt; should validate required fields" time="0.0003884">
        </testcase>
        <testcase classname="contracts/appointments.contract.test.ts" name="Appointments API Contract Tests &gt; POST /appointments &gt; should reject past dates" time="0.0002702">
        </testcase>
        <testcase classname="contracts/appointments.contract.test.ts" name="Appointments API Contract Tests &gt; POST /appointments &gt; should reject invalid appointment type" time="0.001898">
        </testcase>
        <testcase classname="contracts/appointments.contract.test.ts" name="Appointments API Contract Tests &gt; POST /appointments &gt; should reject negative duration" time="0.0002562">
        </testcase>
        <testcase classname="contracts/appointments.contract.test.ts" name="Appointments API Contract Tests &gt; POST /appointments &gt; should return valid appointment schema on success" time="0.0002001">
        </testcase>
        <testcase classname="contracts/appointments.contract.test.ts" name="Appointments API Contract Tests &gt; POST /appointments &gt; should return 402 if subscription required and user has no subscription" time="0.0001649">
        </testcase>
        <testcase classname="contracts/appointments.contract.test.ts" name="Appointments API Contract Tests &gt; GET /appointments/:id &gt; should return 401 without authentication" time="0.0026542">
            <failure message="fetch failed" type="TypeError">
TypeError: fetch failed
 ❯ apiRequest helpers/api-client.ts:57:20
 ❯ contracts/appointments.contract.test.ts:186:24

{
  stack: &apos;AggregateError: \n&apos; +
    &apos;    at internalConnectMultiple (node:net:1134:18)\n&apos; +
    &apos;    at afterConnectMultiple (node:net:1715:7)&apos;,
  errors: [
    {
      stack: &apos;Error: connect ECONNREFUSED ::1:3001\n&apos; +
        &apos;    at createConnectionError (node:net:1678:14)\n&apos; +
        &apos;    at afterConnectMultiple (node:net:1708:16)&apos;,
      message: &apos;connect ECONNREFUSED ::1:3001&apos;,
      errno: -4078,
      code: &apos;ECONNREFUSED&apos;,
      syscall: &apos;connect&apos;,
      address: &apos;::1&apos;,
      port: 3001,
      constructor: &apos;Function&lt;Error&gt;&apos;,
      name: &apos;Error&apos;,
      toString: &apos;Function&lt;toString&gt;&apos;
    },
    {
      stack: &apos;Error: connect ECONNREFUSED 127.0.0.1:3001\n&apos; +
        &apos;    at createConnectionError (node:net:1678:14)\n&apos; +
        &apos;    at afterConnectMultiple (node:net:1708:16)&apos;,
      message: &apos;connect ECONNREFUSED 127.0.0.1:3001&apos;,
      errno: -4078,
      code: &apos;ECONNREFUSED&apos;,
      syscall: &apos;connect&apos;,
      address: &apos;127.0.0.1&apos;,
      port: 3001,
      constructor: &apos;Function&lt;Error&gt;&apos;,
      name: &apos;Error&apos;,
      toString: &apos;Function&lt;toString&gt;&apos;
    }
  ],
  code: &apos;ECONNREFUSED&apos;,
  stackStr: &apos;AggregateError: \n&apos; +
    &apos;    at internalConnectMultiple (node:net:1134:18)\n&apos; +
    &apos;    at afterConnectMultiple (node:net:1715:7)&apos;,
  nameStr: &apos;AggregateError&apos;,
  expected: &apos;undefined&apos;,
  actual: &apos;undefined&apos;,
  message: &apos;&apos;,
  constructor: &apos;Function&lt;AggregateError&gt;&apos;,
  name: &apos;Caused by: Caused by: AggregateError&apos;,
  toString: &apos;Function&lt;toString&gt;&apos;,
  stacks: []
}
⎯⎯⎯⎯⎯⎯⎯⎯⎯⎯⎯⎯⎯⎯⎯⎯⎯⎯⎯⎯⎯⎯⎯⎯⎯⎯⎯⎯⎯⎯
Serialized Error: { errors: [ { stack: &apos;Error: connect ECONNREFUSED ::1:3001\n    at createConnectionError (node:net:1678:14)\n    at afterConnectMultiple (node:net:1708:16)&apos;, message: &apos;connect ECONNREFUSED ::1:3001&apos;, errno: -4078, code: &apos;ECONNREFUSED&apos;, syscall: &apos;connect&apos;, address: &apos;::1&apos;, port: 3001, constructor: &apos;Function&lt;Error&gt;&apos;, name: &apos;Error&apos;, toString: &apos;Function&lt;toString&gt;&apos; }, { stack: &apos;Error: connect ECONNREFUSED 127.0.0.1:3001\n    at createConnectionError (node:net:1678:14)\n    at afterConnectMultiple (node:net:1708:16)&apos;, message: &apos;connect ECONNREFUSED 127.0.0.1:3001&apos;, errno: -4078, code: &apos;ECONNREFUSED&apos;, syscall: &apos;connect&apos;, address: &apos;127.0.0.1&apos;, port: 3001, constructor: &apos;Function&lt;Error&gt;&apos;, name: &apos;Error&apos;, toString: &apos;Function&lt;toString&gt;&apos; } ], code: &apos;ECONNREFUSED&apos; }
            </failure>
        </testcase>
        <testcase classname="contracts/appointments.contract.test.ts" name="Appointments API Contract Tests &gt; GET /appointments/:id &gt; should return 404 for non-existent appointment" time="0.0002347">
        </testcase>
        <testcase classname="contracts/appointments.contract.test.ts" name="Appointments API Contract Tests &gt; GET /appointments/:id &gt; should return 400 for invalid UUID format" time="0.0001715">
        </testcase>
        <testcase classname="contracts/appointments.contract.test.ts" name="Appointments API Contract Tests &gt; GET /appointments/:id &gt; should return valid appointment schema for existing appointment" time="0.0001929">
        </testcase>
        <testcase classname="contracts/appointments.contract.test.ts" name="Appointments API Contract Tests &gt; PATCH /appointments/:id &gt; should return 401 without authentication" time="0.004182">
            <failure message="fetch failed" type="TypeError">
TypeError: fetch failed
 ❯ apiRequest helpers/api-client.ts:57:20
 ❯ contracts/appointments.contract.test.ts:233:24

{
  stack: &apos;AggregateError: \n&apos; +
    &apos;    at internalConnectMultiple (node:net:1134:18)\n&apos; +
    &apos;    at afterConnectMultiple (node:net:1715:7)&apos;,
  errors: [
    {
      stack: &apos;Error: connect ECONNREFUSED ::1:3001\n&apos; +
        &apos;    at createConnectionError (node:net:1678:14)\n&apos; +
        &apos;    at afterConnectMultiple (node:net:1708:16)&apos;,
      message: &apos;connect ECONNREFUSED ::1:3001&apos;,
      errno: -4078,
      code: &apos;ECONNREFUSED&apos;,
      syscall: &apos;connect&apos;,
      address: &apos;::1&apos;,
      port: 3001,
      constructor: &apos;Function&lt;Error&gt;&apos;,
      name: &apos;Error&apos;,
      toString: &apos;Function&lt;toString&gt;&apos;
    },
    {
      stack: &apos;Error: connect ECONNREFUSED 127.0.0.1:3001\n&apos; +
        &apos;    at createConnectionError (node:net:1678:14)\n&apos; +
        &apos;    at afterConnectMultiple (node:net:1708:16)&apos;,
      message: &apos;connect ECONNREFUSED 127.0.0.1:3001&apos;,
      errno: -4078,
      code: &apos;ECONNREFUSED&apos;,
      syscall: &apos;connect&apos;,
      address: &apos;127.0.0.1&apos;,
      port: 3001,
      constructor: &apos;Function&lt;Error&gt;&apos;,
      name: &apos;Error&apos;,
      toString: &apos;Function&lt;toString&gt;&apos;
    }
  ],
  code: &apos;ECONNREFUSED&apos;,
  stackStr: &apos;AggregateError: \n&apos; +
    &apos;    at internalConnectMultiple (node:net:1134:18)\n&apos; +
    &apos;    at afterConnectMultiple (node:net:1715:7)&apos;,
  nameStr: &apos;AggregateError&apos;,
  expected: &apos;undefined&apos;,
  actual: &apos;undefined&apos;,
  message: &apos;&apos;,
  constructor: &apos;Function&lt;AggregateError&gt;&apos;,
  name: &apos;Caused by: Caused by: AggregateError&apos;,
  toString: &apos;Function&lt;toString&gt;&apos;,
  stacks: []
}
⎯⎯⎯⎯⎯⎯⎯⎯⎯⎯⎯⎯⎯⎯⎯⎯⎯⎯⎯⎯⎯⎯⎯⎯⎯⎯⎯⎯⎯⎯
Serialized Error: { errors: [ { stack: &apos;Error: connect ECONNREFUSED ::1:3001\n    at createConnectionError (node:net:1678:14)\n    at afterConnectMultiple (node:net:1708:16)&apos;, message: &apos;connect ECONNREFUSED ::1:3001&apos;, errno: -4078, code: &apos;ECONNREFUSED&apos;, syscall: &apos;connect&apos;, address: &apos;::1&apos;, port: 3001, constructor: &apos;Function&lt;Error&gt;&apos;, name: &apos;Error&apos;, toString: &apos;Function&lt;toString&gt;&apos; }, { stack: &apos;Error: connect ECONNREFUSED 127.0.0.1:3001\n    at createConnectionError (node:net:1678:14)\n    at afterConnectMultiple (node:net:1708:16)&apos;, message: &apos;connect ECONNREFUSED 127.0.0.1:3001&apos;, errno: -4078, code: &apos;ECONNREFUSED&apos;, syscall: &apos;connect&apos;, address: &apos;127.0.0.1&apos;, port: 3001, constructor: &apos;Function&lt;Error&gt;&apos;, name: &apos;Error&apos;, toString: &apos;Function&lt;toString&gt;&apos; } ], code: &apos;ECONNREFUSED&apos; }
            </failure>
        </testcase>
        <testcase classname="contracts/appointments.contract.test.ts" name="Appointments API Contract Tests &gt; PATCH /appointments/:id &gt; should return 404 for non-existent appointment" time="0.000199">
        </testcase>
        <testcase classname="contracts/appointments.contract.test.ts" name="Appointments API Contract Tests &gt; PATCH /appointments/:id &gt; should reject invalid status transitions" time="0.0001696">
        </testcase>
        <testcase classname="contracts/appointments.contract.test.ts" name="Appointments API Contract Tests &gt; PATCH /appointments/:id &gt; should return valid appointment schema on successful update" time="0.0002072">
        </testcase>
        <testcase classname="contracts/appointments.contract.test.ts" name="Appointments API Contract Tests &gt; DELETE /appointments/:id &gt; should return 401 without authentication" time="0.0026932">
            <failure message="fetch failed" type="TypeError">
TypeError: fetch failed
 ❯ apiRequest helpers/api-client.ts:57:20
 ❯ contracts/appointments.contract.test.ts:288:24

{
  stack: &apos;AggregateError: \n&apos; +
    &apos;    at internalConnectMultiple (node:net:1134:18)\n&apos; +
    &apos;    at afterConnectMultiple (node:net:1715:7)&apos;,
  errors: [
    {
      stack: &apos;Error: connect ECONNREFUSED ::1:3001\n&apos; +
        &apos;    at createConnectionError (node:net:1678:14)\n&apos; +
        &apos;    at afterConnectMultiple (node:net:1708:16)&apos;,
      message: &apos;connect ECONNREFUSED ::1:3001&apos;,
      errno: -4078,
      code: &apos;ECONNREFUSED&apos;,
      syscall: &apos;connect&apos;,
      address: &apos;::1&apos;,
      port: 3001,
      constructor: &apos;Function&lt;Error&gt;&apos;,
      name: &apos;Error&apos;,
      toString: &apos;Function&lt;toString&gt;&apos;
    },
    {
      stack: &apos;Error: connect ECONNREFUSED 127.0.0.1:3001\n&apos; +
        &apos;    at createConnectionError (node:net:1678:14)\n&apos; +
        &apos;    at afterConnectMultiple (node:net:1708:16)&apos;,
      message: &apos;connect ECONNREFUSED 127.0.0.1:3001&apos;,
      errno: -4078,
      code: &apos;ECONNREFUSED&apos;,
      syscall: &apos;connect&apos;,
      address: &apos;127.0.0.1&apos;,
      port: 3001,
      constructor: &apos;Function&lt;Error&gt;&apos;,
      name: &apos;Error&apos;,
      toString: &apos;Function&lt;toString&gt;&apos;
    }
  ],
  code: &apos;ECONNREFUSED&apos;,
  stackStr: &apos;AggregateError: \n&apos; +
    &apos;    at internalConnectMultiple (node:net:1134:18)\n&apos; +
    &apos;    at afterConnectMultiple (node:net:1715:7)&apos;,
  nameStr: &apos;AggregateError&apos;,
  expected: &apos;undefined&apos;,
  actual: &apos;undefined&apos;,
  message: &apos;&apos;,
  constructor: &apos;Function&lt;AggregateError&gt;&apos;,
  name: &apos;Caused by: Caused by: AggregateError&apos;,
  toString: &apos;Function&lt;toString&gt;&apos;,
  stacks: []
}
⎯⎯⎯⎯⎯⎯⎯⎯⎯⎯⎯⎯⎯⎯⎯⎯⎯⎯⎯⎯⎯⎯⎯⎯⎯⎯⎯⎯⎯⎯
Serialized Error: { errors: [ { stack: &apos;Error: connect ECONNREFUSED ::1:3001\n    at createConnectionError (node:net:1678:14)\n    at afterConnectMultiple (node:net:1708:16)&apos;, message: &apos;connect ECONNREFUSED ::1:3001&apos;, errno: -4078, code: &apos;ECONNREFUSED&apos;, syscall: &apos;connect&apos;, address: &apos;::1&apos;, port: 3001, constructor: &apos;Function&lt;Error&gt;&apos;, name: &apos;Error&apos;, toString: &apos;Function&lt;toString&gt;&apos; }, { stack: &apos;Error: connect ECONNREFUSED 127.0.0.1:3001\n    at createConnectionError (node:net:1678:14)\n    at afterConnectMultiple (node:net:1708:16)&apos;, message: &apos;connect ECONNREFUSED 127.0.0.1:3001&apos;, errno: -4078, code: &apos;ECONNREFUSED&apos;, syscall: &apos;connect&apos;, address: &apos;127.0.0.1&apos;, port: 3001, constructor: &apos;Function&lt;Error&gt;&apos;, name: &apos;Error&apos;, toString: &apos;Function&lt;toString&gt;&apos; } ], code: &apos;ECONNREFUSED&apos; }
            </failure>
        </testcase>
        <testcase classname="contracts/appointments.contract.test.ts" name="Appointments API Contract Tests &gt; DELETE /appointments/:id &gt; should return 404 for non-existent appointment" time="0.0001937">
        </testcase>
        <testcase classname="contracts/appointments.contract.test.ts" name="Appointments API Contract Tests &gt; DELETE /appointments/:id &gt; should return 400/403 when cancelling completed appointment" time="0.0001709">
        </testcase>
        <testcase classname="contracts/appointments.contract.test.ts" name="Appointments API Contract Tests &gt; GET /appointments/pricing &gt; should return 401 without authentication" time="0.0036013">
            <failure message="fetch failed" type="TypeError">
TypeError: fetch failed
 ❯ apiRequest helpers/api-client.ts:57:20
 ❯ contracts/appointments.contract.test.ts:323:24

{
  stack: &apos;AggregateError: \n&apos; +
    &apos;    at internalConnectMultiple (node:net:1134:18)\n&apos; +
    &apos;    at afterConnectMultiple (node:net:1715:7)&apos;,
  errors: [
    {
      stack: &apos;Error: connect ECONNREFUSED ::1:3001\n&apos; +
        &apos;    at createConnectionError (node:net:1678:14)\n&apos; +
        &apos;    at afterConnectMultiple (node:net:1708:16)&apos;,
      message: &apos;connect ECONNREFUSED ::1:3001&apos;,
      errno: -4078,
      code: &apos;ECONNREFUSED&apos;,
      syscall: &apos;connect&apos;,
      address: &apos;::1&apos;,
      port: 3001,
      constructor: &apos;Function&lt;Error&gt;&apos;,
      name: &apos;Error&apos;,
      toString: &apos;Function&lt;toString&gt;&apos;
    },
    {
      stack: &apos;Error: connect ECONNREFUSED 127.0.0.1:3001\n&apos; +
        &apos;    at createConnectionError (node:net:1678:14)\n&apos; +
        &apos;    at afterConnectMultiple (node:net:1708:16)&apos;,
      message: &apos;connect ECONNREFUSED 127.0.0.1:3001&apos;,
      errno: -4078,
      code: &apos;ECONNREFUSED&apos;,
      syscall: &apos;connect&apos;,
      address: &apos;127.0.0.1&apos;,
      port: 3001,
      constructor: &apos;Function&lt;Error&gt;&apos;,
      name: &apos;Error&apos;,
      toString: &apos;Function&lt;toString&gt;&apos;
    }
  ],
  code: &apos;ECONNREFUSED&apos;,
  stackStr: &apos;AggregateError: \n&apos; +
    &apos;    at internalConnectMultiple (node:net:1134:18)\n&apos; +
    &apos;    at afterConnectMultiple (node:net:1715:7)&apos;,
  nameStr: &apos;AggregateError&apos;,
  expected: &apos;undefined&apos;,
  actual: &apos;undefined&apos;,
  message: &apos;&apos;,
  constructor: &apos;Function&lt;AggregateError&gt;&apos;,
  name: &apos;Caused by: Caused by: AggregateError&apos;,
  toString: &apos;Function&lt;toString&gt;&apos;,
  stacks: []
}
⎯⎯⎯⎯⎯⎯⎯⎯⎯⎯⎯⎯⎯⎯⎯⎯⎯⎯⎯⎯⎯⎯⎯⎯⎯⎯⎯⎯⎯⎯
Serialized Error: { errors: [ { stack: &apos;Error: connect ECONNREFUSED ::1:3001\n    at createConnectionError (node:net:1678:14)\n    at afterConnectMultiple (node:net:1708:16)&apos;, message: &apos;connect ECONNREFUSED ::1:3001&apos;, errno: -4078, code: &apos;ECONNREFUSED&apos;, syscall: &apos;connect&apos;, address: &apos;::1&apos;, port: 3001, constructor: &apos;Function&lt;Error&gt;&apos;, name: &apos;Error&apos;, toString: &apos;Function&lt;toString&gt;&apos; }, { stack: &apos;Error: connect ECONNREFUSED 127.0.0.1:3001\n    at createConnectionError (node:net:1678:14)\n    at afterConnectMultiple (node:net:1708:16)&apos;, message: &apos;connect ECONNREFUSED 127.0.0.1:3001&apos;, errno: -4078, code: &apos;ECONNREFUSED&apos;, syscall: &apos;connect&apos;, address: &apos;127.0.0.1&apos;, port: 3001, constructor: &apos;Function&lt;Error&gt;&apos;, name: &apos;Error&apos;, toString: &apos;Function&lt;toString&gt;&apos; } ], code: &apos;ECONNREFUSED&apos; }
            </failure>
        </testcase>
        <testcase classname="contracts/appointments.contract.test.ts" name="Appointments API Contract Tests &gt; GET /appointments/pricing &gt; should return pricing information when authenticated" time="0.0001711">
        </testcase>
        <testcase classname="contracts/appointments.contract.test.ts" name="Appointments API Contract Tests &gt; Cross-tenant Security &gt; should not allow access to other tenant appointments" time="0.0002078">
        </testcase>
    </testsuite>
    <testsuite name="contracts/auth.contract.test.ts" timestamp="2026-01-20T20:48:27.542Z" hostname="DESKTOP-9MF6OEV" tests="26" failures="22" errors="0" skipped="0" time="0.1187418">
        <testcase classname="contracts/auth.contract.test.ts" name="Auth API Contract Tests &gt; POST /auth/register &gt; should return valid auth response schema on successful registration" time="0.0452351">
            <failure message="fetch failed" type="TypeError">
TypeError: fetch failed
 ❯ apiRequest helpers/api-client.ts:57:20
 ❯ contracts/auth.contract.test.ts:20:24

{
  stack: &apos;AggregateError: \n&apos; +
    &apos;    at internalConnectMultiple (node:net:1134:18)\n&apos; +
    &apos;    at afterConnectMultiple (node:net:1715:7)&apos;,
  errors: [
    {
      stack: &apos;Error: connect ECONNREFUSED ::1:3001\n&apos; +
        &apos;    at createConnectionError (node:net:1678:14)\n&apos; +
        &apos;    at afterConnectMultiple (node:net:1708:16)&apos;,
      message: &apos;connect ECONNREFUSED ::1:3001&apos;,
      errno: -4078,
      code: &apos;ECONNREFUSED&apos;,
      syscall: &apos;connect&apos;,
      address: &apos;::1&apos;,
      port: 3001,
      constructor: &apos;Function&lt;Error&gt;&apos;,
      name: &apos;Error&apos;,
      toString: &apos;Function&lt;toString&gt;&apos;
    },
    {
      stack: &apos;Error: connect ECONNREFUSED 127.0.0.1:3001\n&apos; +
        &apos;    at createConnectionError (node:net:1678:14)\n&apos; +
        &apos;    at afterConnectMultiple (node:net:1708:16)&apos;,
      message: &apos;connect ECONNREFUSED 127.0.0.1:3001&apos;,
      errno: -4078,
      code: &apos;ECONNREFUSED&apos;,
      syscall: &apos;connect&apos;,
      address: &apos;127.0.0.1&apos;,
      port: 3001,
      constructor: &apos;Function&lt;Error&gt;&apos;,
      name: &apos;Error&apos;,
      toString: &apos;Function&lt;toString&gt;&apos;
    }
  ],
  code: &apos;ECONNREFUSED&apos;,
  stackStr: &apos;AggregateError: \n&apos; +
    &apos;    at internalConnectMultiple (node:net:1134:18)\n&apos; +
    &apos;    at afterConnectMultiple (node:net:1715:7)&apos;,
  nameStr: &apos;AggregateError&apos;,
  expected: &apos;undefined&apos;,
  actual: &apos;undefined&apos;,
  message: &apos;&apos;,
  constructor: &apos;Function&lt;AggregateError&gt;&apos;,
  name: &apos;Caused by: Caused by: AggregateError&apos;,
  toString: &apos;Function&lt;toString&gt;&apos;,
  stacks: []
}
⎯⎯⎯⎯⎯⎯⎯⎯⎯⎯⎯⎯⎯⎯⎯⎯⎯⎯⎯⎯⎯⎯⎯⎯⎯⎯⎯⎯⎯⎯
Serialized Error: { errors: [ { stack: &apos;Error: connect ECONNREFUSED ::1:3001\n    at createConnectionError (node:net:1678:14)\n    at afterConnectMultiple (node:net:1708:16)&apos;, message: &apos;connect ECONNREFUSED ::1:3001&apos;, errno: -4078, code: &apos;ECONNREFUSED&apos;, syscall: &apos;connect&apos;, address: &apos;::1&apos;, port: 3001, constructor: &apos;Function&lt;Error&gt;&apos;, name: &apos;Error&apos;, toString: &apos;Function&lt;toString&gt;&apos; }, { stack: &apos;Error: connect ECONNREFUSED 127.0.0.1:3001\n    at createConnectionError (node:net:1678:14)\n    at afterConnectMultiple (node:net:1708:16)&apos;, message: &apos;connect ECONNREFUSED 127.0.0.1:3001&apos;, errno: -4078, code: &apos;ECONNREFUSED&apos;, syscall: &apos;connect&apos;, address: &apos;127.0.0.1&apos;, port: 3001, constructor: &apos;Function&lt;Error&gt;&apos;, name: &apos;Error&apos;, toString: &apos;Function&lt;toString&gt;&apos; } ], code: &apos;ECONNREFUSED&apos; }
            </failure>
        </testcase>
        <testcase classname="contracts/auth.contract.test.ts" name="Auth API Contract Tests &gt; POST /auth/register &gt; should return valid error schema for invalid email" time="0.004536">
            <failure message="fetch failed" type="TypeError">
TypeError: fetch failed
 ❯ apiRequest helpers/api-client.ts:57:20
 ❯ contracts/auth.contract.test.ts:40:24

{
  stack: &apos;AggregateError: \n&apos; +
    &apos;    at internalConnectMultiple (node:net:1134:18)\n&apos; +
    &apos;    at afterConnectMultiple (node:net:1715:7)&apos;,
  errors: [
    {
      stack: &apos;Error: connect ECONNREFUSED ::1:3001\n&apos; +
        &apos;    at createConnectionError (node:net:1678:14)\n&apos; +
        &apos;    at afterConnectMultiple (node:net:1708:16)&apos;,
      message: &apos;connect ECONNREFUSED ::1:3001&apos;,
      errno: -4078,
      code: &apos;ECONNREFUSED&apos;,
      syscall: &apos;connect&apos;,
      address: &apos;::1&apos;,
      port: 3001,
      constructor: &apos;Function&lt;Error&gt;&apos;,
      name: &apos;Error&apos;,
      toString: &apos;Function&lt;toString&gt;&apos;
    },
    {
      stack: &apos;Error: connect ECONNREFUSED 127.0.0.1:3001\n&apos; +
        &apos;    at createConnectionError (node:net:1678:14)\n&apos; +
        &apos;    at afterConnectMultiple (node:net:1708:16)&apos;,
      message: &apos;connect ECONNREFUSED 127.0.0.1:3001&apos;,
      errno: -4078,
      code: &apos;ECONNREFUSED&apos;,
      syscall: &apos;connect&apos;,
      address: &apos;127.0.0.1&apos;,
      port: 3001,
      constructor: &apos;Function&lt;Error&gt;&apos;,
      name: &apos;Error&apos;,
      toString: &apos;Function&lt;toString&gt;&apos;
    }
  ],
  code: &apos;ECONNREFUSED&apos;,
  stackStr: &apos;AggregateError: \n&apos; +
    &apos;    at internalConnectMultiple (node:net:1134:18)\n&apos; +
    &apos;    at afterConnectMultiple (node:net:1715:7)&apos;,
  nameStr: &apos;AggregateError&apos;,
  expected: &apos;undefined&apos;,
  actual: &apos;undefined&apos;,
  message: &apos;&apos;,
  constructor: &apos;Function&lt;AggregateError&gt;&apos;,
  name: &apos;Caused by: Caused by: AggregateError&apos;,
  toString: &apos;Function&lt;toString&gt;&apos;,
  stacks: []
}
⎯⎯⎯⎯⎯⎯⎯⎯⎯⎯⎯⎯⎯⎯⎯⎯⎯⎯⎯⎯⎯⎯⎯⎯⎯⎯⎯⎯⎯⎯
Serialized Error: { errors: [ { stack: &apos;Error: connect ECONNREFUSED ::1:3001\n    at createConnectionError (node:net:1678:14)\n    at afterConnectMultiple (node:net:1708:16)&apos;, message: &apos;connect ECONNREFUSED ::1:3001&apos;, errno: -4078, code: &apos;ECONNREFUSED&apos;, syscall: &apos;connect&apos;, address: &apos;::1&apos;, port: 3001, constructor: &apos;Function&lt;Error&gt;&apos;, name: &apos;Error&apos;, toString: &apos;Function&lt;toString&gt;&apos; }, { stack: &apos;Error: connect ECONNREFUSED 127.0.0.1:3001\n    at createConnectionError (node:net:1678:14)\n    at afterConnectMultiple (node:net:1708:16)&apos;, message: &apos;connect ECONNREFUSED 127.0.0.1:3001&apos;, errno: -4078, code: &apos;ECONNREFUSED&apos;, syscall: &apos;connect&apos;, address: &apos;127.0.0.1&apos;, port: 3001, constructor: &apos;Function&lt;Error&gt;&apos;, name: &apos;Error&apos;, toString: &apos;Function&lt;toString&gt;&apos; } ], code: &apos;ECONNREFUSED&apos; }
            </failure>
        </testcase>
        <testcase classname="contracts/auth.contract.test.ts" name="Auth API Contract Tests &gt; POST /auth/register &gt; should return valid error schema for short password" time="0.0035658">
            <failure message="fetch failed" type="TypeError">
TypeError: fetch failed
 ❯ apiRequest helpers/api-client.ts:57:20
 ❯ contracts/auth.contract.test.ts:52:24

{
  stack: &apos;AggregateError: \n&apos; +
    &apos;    at internalConnectMultiple (node:net:1134:18)\n&apos; +
    &apos;    at afterConnectMultiple (node:net:1715:7)&apos;,
  errors: [
    {
      stack: &apos;Error: connect ECONNREFUSED ::1:3001\n&apos; +
        &apos;    at createConnectionError (node:net:1678:14)\n&apos; +
        &apos;    at afterConnectMultiple (node:net:1708:16)&apos;,
      message: &apos;connect ECONNREFUSED ::1:3001&apos;,
      errno: -4078,
      code: &apos;ECONNREFUSED&apos;,
      syscall: &apos;connect&apos;,
      address: &apos;::1&apos;,
      port: 3001,
      constructor: &apos;Function&lt;Error&gt;&apos;,
      name: &apos;Error&apos;,
      toString: &apos;Function&lt;toString&gt;&apos;
    },
    {
      stack: &apos;Error: connect ECONNREFUSED 127.0.0.1:3001\n&apos; +
        &apos;    at createConnectionError (node:net:1678:14)\n&apos; +
        &apos;    at afterConnectMultiple (node:net:1708:16)&apos;,
      message: &apos;connect ECONNREFUSED 127.0.0.1:3001&apos;,
      errno: -4078,
      code: &apos;ECONNREFUSED&apos;,
      syscall: &apos;connect&apos;,
      address: &apos;127.0.0.1&apos;,
      port: 3001,
      constructor: &apos;Function&lt;Error&gt;&apos;,
      name: &apos;Error&apos;,
      toString: &apos;Function&lt;toString&gt;&apos;
    }
  ],
  code: &apos;ECONNREFUSED&apos;,
  stackStr: &apos;AggregateError: \n&apos; +
    &apos;    at internalConnectMultiple (node:net:1134:18)\n&apos; +
    &apos;    at afterConnectMultiple (node:net:1715:7)&apos;,
  nameStr: &apos;AggregateError&apos;,
  expected: &apos;undefined&apos;,
  actual: &apos;undefined&apos;,
  message: &apos;&apos;,
  constructor: &apos;Function&lt;AggregateError&gt;&apos;,
  name: &apos;Caused by: Caused by: AggregateError&apos;,
  toString: &apos;Function&lt;toString&gt;&apos;,
  stacks: []
}
⎯⎯⎯⎯⎯⎯⎯⎯⎯⎯⎯⎯⎯⎯⎯⎯⎯⎯⎯⎯⎯⎯⎯⎯⎯⎯⎯⎯⎯⎯
Serialized Error: { errors: [ { stack: &apos;Error: connect ECONNREFUSED ::1:3001\n    at createConnectionError (node:net:1678:14)\n    at afterConnectMultiple (node:net:1708:16)&apos;, message: &apos;connect ECONNREFUSED ::1:3001&apos;, errno: -4078, code: &apos;ECONNREFUSED&apos;, syscall: &apos;connect&apos;, address: &apos;::1&apos;, port: 3001, constructor: &apos;Function&lt;Error&gt;&apos;, name: &apos;Error&apos;, toString: &apos;Function&lt;toString&gt;&apos; }, { stack: &apos;Error: connect ECONNREFUSED 127.0.0.1:3001\n    at createConnectionError (node:net:1678:14)\n    at afterConnectMultiple (node:net:1708:16)&apos;, message: &apos;connect ECONNREFUSED 127.0.0.1:3001&apos;, errno: -4078, code: &apos;ECONNREFUSED&apos;, syscall: &apos;connect&apos;, address: &apos;127.0.0.1&apos;, port: 3001, constructor: &apos;Function&lt;Error&gt;&apos;, name: &apos;Error&apos;, toString: &apos;Function&lt;toString&gt;&apos; } ], code: &apos;ECONNREFUSED&apos; }
            </failure>
        </testcase>
        <testcase classname="contracts/auth.contract.test.ts" name="Auth API Contract Tests &gt; POST /auth/register &gt; should return valid error schema for missing required fields" time="0.0036802">
            <failure message="fetch failed" type="TypeError">
TypeError: fetch failed
 ❯ apiRequest helpers/api-client.ts:57:20
 ❯ contracts/auth.contract.test.ts:64:24

{
  stack: &apos;AggregateError: \n&apos; +
    &apos;    at internalConnectMultiple (node:net:1134:18)\n&apos; +
    &apos;    at afterConnectMultiple (node:net:1715:7)&apos;,
  errors: [
    {
      stack: &apos;Error: connect ECONNREFUSED ::1:3001\n&apos; +
        &apos;    at createConnectionError (node:net:1678:14)\n&apos; +
        &apos;    at afterConnectMultiple (node:net:1708:16)&apos;,
      message: &apos;connect ECONNREFUSED ::1:3001&apos;,
      errno: -4078,
      code: &apos;ECONNREFUSED&apos;,
      syscall: &apos;connect&apos;,
      address: &apos;::1&apos;,
      port: 3001,
      constructor: &apos;Function&lt;Error&gt;&apos;,
      name: &apos;Error&apos;,
      toString: &apos;Function&lt;toString&gt;&apos;
    },
    {
      stack: &apos;Error: connect ECONNREFUSED 127.0.0.1:3001\n&apos; +
        &apos;    at createConnectionError (node:net:1678:14)\n&apos; +
        &apos;    at afterConnectMultiple (node:net:1708:16)&apos;,
      message: &apos;connect ECONNREFUSED 127.0.0.1:3001&apos;,
      errno: -4078,
      code: &apos;ECONNREFUSED&apos;,
      syscall: &apos;connect&apos;,
      address: &apos;127.0.0.1&apos;,
      port: 3001,
      constructor: &apos;Function&lt;Error&gt;&apos;,
      name: &apos;Error&apos;,
      toString: &apos;Function&lt;toString&gt;&apos;
    }
  ],
  code: &apos;ECONNREFUSED&apos;,
  stackStr: &apos;AggregateError: \n&apos; +
    &apos;    at internalConnectMultiple (node:net:1134:18)\n&apos; +
    &apos;    at afterConnectMultiple (node:net:1715:7)&apos;,
  nameStr: &apos;AggregateError&apos;,
  expected: &apos;undefined&apos;,
  actual: &apos;undefined&apos;,
  message: &apos;&apos;,
  constructor: &apos;Function&lt;AggregateError&gt;&apos;,
  name: &apos;Caused by: Caused by: AggregateError&apos;,
  toString: &apos;Function&lt;toString&gt;&apos;,
  stacks: []
}
⎯⎯⎯⎯⎯⎯⎯⎯⎯⎯⎯⎯⎯⎯⎯⎯⎯⎯⎯⎯⎯⎯⎯⎯⎯⎯⎯⎯⎯⎯
Serialized Error: { errors: [ { stack: &apos;Error: connect ECONNREFUSED ::1:3001\n    at createConnectionError (node:net:1678:14)\n    at afterConnectMultiple (node:net:1708:16)&apos;, message: &apos;connect ECONNREFUSED ::1:3001&apos;, errno: -4078, code: &apos;ECONNREFUSED&apos;, syscall: &apos;connect&apos;, address: &apos;::1&apos;, port: 3001, constructor: &apos;Function&lt;Error&gt;&apos;, name: &apos;Error&apos;, toString: &apos;Function&lt;toString&gt;&apos; }, { stack: &apos;Error: connect ECONNREFUSED 127.0.0.1:3001\n    at createConnectionError (node:net:1678:14)\n    at afterConnectMultiple (node:net:1708:16)&apos;, message: &apos;connect ECONNREFUSED 127.0.0.1:3001&apos;, errno: -4078, code: &apos;ECONNREFUSED&apos;, syscall: &apos;connect&apos;, address: &apos;127.0.0.1&apos;, port: 3001, constructor: &apos;Function&lt;Error&gt;&apos;, name: &apos;Error&apos;, toString: &apos;Function&lt;toString&gt;&apos; } ], code: &apos;ECONNREFUSED&apos; }
            </failure>
        </testcase>
        <testcase classname="contracts/auth.contract.test.ts" name="Auth API Contract Tests &gt; POST /auth/register &gt; should sanitize XSS payloads in input" time="0.0037271">
            <failure message="fetch failed" type="TypeError">
TypeError: fetch failed
 ❯ apiRequest helpers/api-client.ts:57:20
 ❯ contracts/auth.contract.test.ts:74:24

{
  stack: &apos;AggregateError: \n&apos; +
    &apos;    at internalConnectMultiple (node:net:1134:18)\n&apos; +
    &apos;    at afterConnectMultiple (node:net:1715:7)&apos;,
  errors: [
    {
      stack: &apos;Error: connect ECONNREFUSED ::1:3001\n&apos; +
        &apos;    at createConnectionError (node:net:1678:14)\n&apos; +
        &apos;    at afterConnectMultiple (node:net:1708:16)&apos;,
      message: &apos;connect ECONNREFUSED ::1:3001&apos;,
      errno: -4078,
      code: &apos;ECONNREFUSED&apos;,
      syscall: &apos;connect&apos;,
      address: &apos;::1&apos;,
      port: 3001,
      constructor: &apos;Function&lt;Error&gt;&apos;,
      name: &apos;Error&apos;,
      toString: &apos;Function&lt;toString&gt;&apos;
    },
    {
      stack: &apos;Error: connect ECONNREFUSED 127.0.0.1:3001\n&apos; +
        &apos;    at createConnectionError (node:net:1678:14)\n&apos; +
        &apos;    at afterConnectMultiple (node:net:1708:16)&apos;,
      message: &apos;connect ECONNREFUSED 127.0.0.1:3001&apos;,
      errno: -4078,
      code: &apos;ECONNREFUSED&apos;,
      syscall: &apos;connect&apos;,
      address: &apos;127.0.0.1&apos;,
      port: 3001,
      constructor: &apos;Function&lt;Error&gt;&apos;,
      name: &apos;Error&apos;,
      toString: &apos;Function&lt;toString&gt;&apos;
    }
  ],
  code: &apos;ECONNREFUSED&apos;,
  stackStr: &apos;AggregateError: \n&apos; +
    &apos;    at internalConnectMultiple (node:net:1134:18)\n&apos; +
    &apos;    at afterConnectMultiple (node:net:1715:7)&apos;,
  nameStr: &apos;AggregateError&apos;,
  expected: &apos;undefined&apos;,
  actual: &apos;undefined&apos;,
  message: &apos;&apos;,
  constructor: &apos;Function&lt;AggregateError&gt;&apos;,
  name: &apos;Caused by: Caused by: AggregateError&apos;,
  toString: &apos;Function&lt;toString&gt;&apos;,
  stacks: []
}
⎯⎯⎯⎯⎯⎯⎯⎯⎯⎯⎯⎯⎯⎯⎯⎯⎯⎯⎯⎯⎯⎯⎯⎯⎯⎯⎯⎯⎯⎯
Serialized Error: { errors: [ { stack: &apos;Error: connect ECONNREFUSED ::1:3001\n    at createConnectionError (node:net:1678:14)\n    at afterConnectMultiple (node:net:1708:16)&apos;, message: &apos;connect ECONNREFUSED ::1:3001&apos;, errno: -4078, code: &apos;ECONNREFUSED&apos;, syscall: &apos;connect&apos;, address: &apos;::1&apos;, port: 3001, constructor: &apos;Function&lt;Error&gt;&apos;, name: &apos;Error&apos;, toString: &apos;Function&lt;toString&gt;&apos; }, { stack: &apos;Error: connect ECONNREFUSED 127.0.0.1:3001\n    at createConnectionError (node:net:1678:14)\n    at afterConnectMultiple (node:net:1708:16)&apos;, message: &apos;connect ECONNREFUSED 127.0.0.1:3001&apos;, errno: -4078, code: &apos;ECONNREFUSED&apos;, syscall: &apos;connect&apos;, address: &apos;127.0.0.1&apos;, port: 3001, constructor: &apos;Function&lt;Error&gt;&apos;, name: &apos;Error&apos;, toString: &apos;Function&lt;toString&gt;&apos; } ], code: &apos;ECONNREFUSED&apos; }
            </failure>
        </testcase>
        <testcase classname="contracts/auth.contract.test.ts" name="Auth API Contract Tests &gt; POST /auth/login &gt; should return valid auth response schema on successful login" time="0.0040265">
            <failure message="fetch failed" type="TypeError">
TypeError: fetch failed
 ❯ apiRequest helpers/api-client.ts:57:20
 ❯ contracts/auth.contract.test.ts:90:24

{
  stack: &apos;AggregateError: \n&apos; +
    &apos;    at internalConnectMultiple (node:net:1134:18)\n&apos; +
    &apos;    at afterConnectMultiple (node:net:1715:7)&apos;,
  errors: [
    {
      stack: &apos;Error: connect ECONNREFUSED ::1:3001\n&apos; +
        &apos;    at createConnectionError (node:net:1678:14)\n&apos; +
        &apos;    at afterConnectMultiple (node:net:1708:16)&apos;,
      message: &apos;connect ECONNREFUSED ::1:3001&apos;,
      errno: -4078,
      code: &apos;ECONNREFUSED&apos;,
      syscall: &apos;connect&apos;,
      address: &apos;::1&apos;,
      port: 3001,
      constructor: &apos;Function&lt;Error&gt;&apos;,
      name: &apos;Error&apos;,
      toString: &apos;Function&lt;toString&gt;&apos;
    },
    {
      stack: &apos;Error: connect ECONNREFUSED 127.0.0.1:3001\n&apos; +
        &apos;    at createConnectionError (node:net:1678:14)\n&apos; +
        &apos;    at afterConnectMultiple (node:net:1708:16)&apos;,
      message: &apos;connect ECONNREFUSED 127.0.0.1:3001&apos;,
      errno: -4078,
      code: &apos;ECONNREFUSED&apos;,
      syscall: &apos;connect&apos;,
      address: &apos;127.0.0.1&apos;,
      port: 3001,
      constructor: &apos;Function&lt;Error&gt;&apos;,
      name: &apos;Error&apos;,
      toString: &apos;Function&lt;toString&gt;&apos;
    }
  ],
  code: &apos;ECONNREFUSED&apos;,
  stackStr: &apos;AggregateError: \n&apos; +
    &apos;    at internalConnectMultiple (node:net:1134:18)\n&apos; +
    &apos;    at afterConnectMultiple (node:net:1715:7)&apos;,
  nameStr: &apos;AggregateError&apos;,
  expected: &apos;undefined&apos;,
  actual: &apos;undefined&apos;,
  message: &apos;&apos;,
  constructor: &apos;Function&lt;AggregateError&gt;&apos;,
  name: &apos;Caused by: Caused by: AggregateError&apos;,
  toString: &apos;Function&lt;toString&gt;&apos;,
  stacks: []
}
⎯⎯⎯⎯⎯⎯⎯⎯⎯⎯⎯⎯⎯⎯⎯⎯⎯⎯⎯⎯⎯⎯⎯⎯⎯⎯⎯⎯⎯⎯
Serialized Error: { errors: [ { stack: &apos;Error: connect ECONNREFUSED ::1:3001\n    at createConnectionError (node:net:1678:14)\n    at afterConnectMultiple (node:net:1708:16)&apos;, message: &apos;connect ECONNREFUSED ::1:3001&apos;, errno: -4078, code: &apos;ECONNREFUSED&apos;, syscall: &apos;connect&apos;, address: &apos;::1&apos;, port: 3001, constructor: &apos;Function&lt;Error&gt;&apos;, name: &apos;Error&apos;, toString: &apos;Function&lt;toString&gt;&apos; }, { stack: &apos;Error: connect ECONNREFUSED 127.0.0.1:3001\n    at createConnectionError (node:net:1678:14)\n    at afterConnectMultiple (node:net:1708:16)&apos;, message: &apos;connect ECONNREFUSED 127.0.0.1:3001&apos;, errno: -4078, code: &apos;ECONNREFUSED&apos;, syscall: &apos;connect&apos;, address: &apos;127.0.0.1&apos;, port: 3001, constructor: &apos;Function&lt;Error&gt;&apos;, name: &apos;Error&apos;, toString: &apos;Function&lt;toString&gt;&apos; } ], code: &apos;ECONNREFUSED&apos; }
            </failure>
        </testcase>
        <testcase classname="contracts/auth.contract.test.ts" name="Auth API Contract Tests &gt; POST /auth/login &gt; should return 401 for invalid credentials" time="0.003089">
            <failure message="fetch failed" type="TypeError">
TypeError: fetch failed
 ❯ apiRequest helpers/api-client.ts:57:20
 ❯ contracts/auth.contract.test.ts:108:24

{
  stack: &apos;AggregateError: \n&apos; +
    &apos;    at internalConnectMultiple (node:net:1134:18)\n&apos; +
    &apos;    at afterConnectMultiple (node:net:1715:7)&apos;,
  errors: [
    {
      stack: &apos;Error: connect ECONNREFUSED ::1:3001\n&apos; +
        &apos;    at createConnectionError (node:net:1678:14)\n&apos; +
        &apos;    at afterConnectMultiple (node:net:1708:16)&apos;,
      message: &apos;connect ECONNREFUSED ::1:3001&apos;,
      errno: -4078,
      code: &apos;ECONNREFUSED&apos;,
      syscall: &apos;connect&apos;,
      address: &apos;::1&apos;,
      port: 3001,
      constructor: &apos;Function&lt;Error&gt;&apos;,
      name: &apos;Error&apos;,
      toString: &apos;Function&lt;toString&gt;&apos;
    },
    {
      stack: &apos;Error: connect ECONNREFUSED 127.0.0.1:3001\n&apos; +
        &apos;    at createConnectionError (node:net:1678:14)\n&apos; +
        &apos;    at afterConnectMultiple (node:net:1708:16)&apos;,
      message: &apos;connect ECONNREFUSED 127.0.0.1:3001&apos;,
      errno: -4078,
      code: &apos;ECONNREFUSED&apos;,
      syscall: &apos;connect&apos;,
      address: &apos;127.0.0.1&apos;,
      port: 3001,
      constructor: &apos;Function&lt;Error&gt;&apos;,
      name: &apos;Error&apos;,
      toString: &apos;Function&lt;toString&gt;&apos;
    }
  ],
  code: &apos;ECONNREFUSED&apos;,
  stackStr: &apos;AggregateError: \n&apos; +
    &apos;    at internalConnectMultiple (node:net:1134:18)\n&apos; +
    &apos;    at afterConnectMultiple (node:net:1715:7)&apos;,
  nameStr: &apos;AggregateError&apos;,
  expected: &apos;undefined&apos;,
  actual: &apos;undefined&apos;,
  message: &apos;&apos;,
  constructor: &apos;Function&lt;AggregateError&gt;&apos;,
  name: &apos;Caused by: Caused by: AggregateError&apos;,
  toString: &apos;Function&lt;toString&gt;&apos;,
  stacks: []
}
⎯⎯⎯⎯⎯⎯⎯⎯⎯⎯⎯⎯⎯⎯⎯⎯⎯⎯⎯⎯⎯⎯⎯⎯⎯⎯⎯⎯⎯⎯
Serialized Error: { errors: [ { stack: &apos;Error: connect ECONNREFUSED ::1:3001\n    at createConnectionError (node:net:1678:14)\n    at afterConnectMultiple (node:net:1708:16)&apos;, message: &apos;connect ECONNREFUSED ::1:3001&apos;, errno: -4078, code: &apos;ECONNREFUSED&apos;, syscall: &apos;connect&apos;, address: &apos;::1&apos;, port: 3001, constructor: &apos;Function&lt;Error&gt;&apos;, name: &apos;Error&apos;, toString: &apos;Function&lt;toString&gt;&apos; }, { stack: &apos;Error: connect ECONNREFUSED 127.0.0.1:3001\n    at createConnectionError (node:net:1678:14)\n    at afterConnectMultiple (node:net:1708:16)&apos;, message: &apos;connect ECONNREFUSED 127.0.0.1:3001&apos;, errno: -4078, code: &apos;ECONNREFUSED&apos;, syscall: &apos;connect&apos;, address: &apos;127.0.0.1&apos;, port: 3001, constructor: &apos;Function&lt;Error&gt;&apos;, name: &apos;Error&apos;, toString: &apos;Function&lt;toString&gt;&apos; } ], code: &apos;ECONNREFUSED&apos; }
            </failure>
        </testcase>
        <testcase classname="contracts/auth.contract.test.ts" name="Auth API Contract Tests &gt; POST /auth/login &gt; should return 400 for missing email" time="0.0030676">
            <failure message="fetch failed" type="TypeError">
TypeError: fetch failed
 ❯ apiRequest helpers/api-client.ts:57:20
 ❯ contracts/auth.contract.test.ts:118:24

{
  stack: &apos;AggregateError: \n&apos; +
    &apos;    at internalConnectMultiple (node:net:1134:18)\n&apos; +
    &apos;    at afterConnectMultiple (node:net:1715:7)&apos;,
  errors: [
    {
      stack: &apos;Error: connect ECONNREFUSED ::1:3001\n&apos; +
        &apos;    at createConnectionError (node:net:1678:14)\n&apos; +
        &apos;    at afterConnectMultiple (node:net:1708:16)&apos;,
      message: &apos;connect ECONNREFUSED ::1:3001&apos;,
      errno: -4078,
      code: &apos;ECONNREFUSED&apos;,
      syscall: &apos;connect&apos;,
      address: &apos;::1&apos;,
      port: 3001,
      constructor: &apos;Function&lt;Error&gt;&apos;,
      name: &apos;Error&apos;,
      toString: &apos;Function&lt;toString&gt;&apos;
    },
    {
      stack: &apos;Error: connect ECONNREFUSED 127.0.0.1:3001\n&apos; +
        &apos;    at createConnectionError (node:net:1678:14)\n&apos; +
        &apos;    at afterConnectMultiple (node:net:1708:16)&apos;,
      message: &apos;connect ECONNREFUSED 127.0.0.1:3001&apos;,
      errno: -4078,
      code: &apos;ECONNREFUSED&apos;,
      syscall: &apos;connect&apos;,
      address: &apos;127.0.0.1&apos;,
      port: 3001,
      constructor: &apos;Function&lt;Error&gt;&apos;,
      name: &apos;Error&apos;,
      toString: &apos;Function&lt;toString&gt;&apos;
    }
  ],
  code: &apos;ECONNREFUSED&apos;,
  stackStr: &apos;AggregateError: \n&apos; +
    &apos;    at internalConnectMultiple (node:net:1134:18)\n&apos; +
    &apos;    at afterConnectMultiple (node:net:1715:7)&apos;,
  nameStr: &apos;AggregateError&apos;,
  expected: &apos;undefined&apos;,
  actual: &apos;undefined&apos;,
  message: &apos;&apos;,
  constructor: &apos;Function&lt;AggregateError&gt;&apos;,
  name: &apos;Caused by: Caused by: AggregateError&apos;,
  toString: &apos;Function&lt;toString&gt;&apos;,
  stacks: []
}
⎯⎯⎯⎯⎯⎯⎯⎯⎯⎯⎯⎯⎯⎯⎯⎯⎯⎯⎯⎯⎯⎯⎯⎯⎯⎯⎯⎯⎯⎯
Serialized Error: { errors: [ { stack: &apos;Error: connect ECONNREFUSED ::1:3001\n    at createConnectionError (node:net:1678:14)\n    at afterConnectMultiple (node:net:1708:16)&apos;, message: &apos;connect ECONNREFUSED ::1:3001&apos;, errno: -4078, code: &apos;ECONNREFUSED&apos;, syscall: &apos;connect&apos;, address: &apos;::1&apos;, port: 3001, constructor: &apos;Function&lt;Error&gt;&apos;, name: &apos;Error&apos;, toString: &apos;Function&lt;toString&gt;&apos; }, { stack: &apos;Error: connect ECONNREFUSED 127.0.0.1:3001\n    at createConnectionError (node:net:1678:14)\n    at afterConnectMultiple (node:net:1708:16)&apos;, message: &apos;connect ECONNREFUSED 127.0.0.1:3001&apos;, errno: -4078, code: &apos;ECONNREFUSED&apos;, syscall: &apos;connect&apos;, address: &apos;127.0.0.1&apos;, port: 3001, constructor: &apos;Function&lt;Error&gt;&apos;, name: &apos;Error&apos;, toString: &apos;Function&lt;toString&gt;&apos; } ], code: &apos;ECONNREFUSED&apos; }
            </failure>
        </testcase>
        <testcase classname="contracts/auth.contract.test.ts" name="Auth API Contract Tests &gt; POST /auth/login &gt; should return 400 for missing password" time="0.0029049">
            <failure message="fetch failed" type="TypeError">
TypeError: fetch failed
 ❯ apiRequest helpers/api-client.ts:57:20
 ❯ contracts/auth.contract.test.ts:126:24

{
  stack: &apos;AggregateError: \n&apos; +
    &apos;    at internalConnectMultiple (node:net:1134:18)\n&apos; +
    &apos;    at afterConnectMultiple (node:net:1715:7)&apos;,
  errors: [
    {
      stack: &apos;Error: connect ECONNREFUSED ::1:3001\n&apos; +
        &apos;    at createConnectionError (node:net:1678:14)\n&apos; +
        &apos;    at afterConnectMultiple (node:net:1708:16)&apos;,
      message: &apos;connect ECONNREFUSED ::1:3001&apos;,
      errno: -4078,
      code: &apos;ECONNREFUSED&apos;,
      syscall: &apos;connect&apos;,
      address: &apos;::1&apos;,
      port: 3001,
      constructor: &apos;Function&lt;Error&gt;&apos;,
      name: &apos;Error&apos;,
      toString: &apos;Function&lt;toString&gt;&apos;
    },
    {
      stack: &apos;Error: connect ECONNREFUSED 127.0.0.1:3001\n&apos; +
        &apos;    at createConnectionError (node:net:1678:14)\n&apos; +
        &apos;    at afterConnectMultiple (node:net:1708:16)&apos;,
      message: &apos;connect ECONNREFUSED 127.0.0.1:3001&apos;,
      errno: -4078,
      code: &apos;ECONNREFUSED&apos;,
      syscall: &apos;connect&apos;,
      address: &apos;127.0.0.1&apos;,
      port: 3001,
      constructor: &apos;Function&lt;Error&gt;&apos;,
      name: &apos;Error&apos;,
      toString: &apos;Function&lt;toString&gt;&apos;
    }
  ],
  code: &apos;ECONNREFUSED&apos;,
  stackStr: &apos;AggregateError: \n&apos; +
    &apos;    at internalConnectMultiple (node:net:1134:18)\n&apos; +
    &apos;    at afterConnectMultiple (node:net:1715:7)&apos;,
  nameStr: &apos;AggregateError&apos;,
  expected: &apos;undefined&apos;,
  actual: &apos;undefined&apos;,
  message: &apos;&apos;,
  constructor: &apos;Function&lt;AggregateError&gt;&apos;,
  name: &apos;Caused by: Caused by: AggregateError&apos;,
  toString: &apos;Function&lt;toString&gt;&apos;,
  stacks: []
}
⎯⎯⎯⎯⎯⎯⎯⎯⎯⎯⎯⎯⎯⎯⎯⎯⎯⎯⎯⎯⎯⎯⎯⎯⎯⎯⎯⎯⎯⎯
Serialized Error: { errors: [ { stack: &apos;Error: connect ECONNREFUSED ::1:3001\n    at createConnectionError (node:net:1678:14)\n    at afterConnectMultiple (node:net:1708:16)&apos;, message: &apos;connect ECONNREFUSED ::1:3001&apos;, errno: -4078, code: &apos;ECONNREFUSED&apos;, syscall: &apos;connect&apos;, address: &apos;::1&apos;, port: 3001, constructor: &apos;Function&lt;Error&gt;&apos;, name: &apos;Error&apos;, toString: &apos;Function&lt;toString&gt;&apos; }, { stack: &apos;Error: connect ECONNREFUSED 127.0.0.1:3001\n    at createConnectionError (node:net:1678:14)\n    at afterConnectMultiple (node:net:1708:16)&apos;, message: &apos;connect ECONNREFUSED 127.0.0.1:3001&apos;, errno: -4078, code: &apos;ECONNREFUSED&apos;, syscall: &apos;connect&apos;, address: &apos;127.0.0.1&apos;, port: 3001, constructor: &apos;Function&lt;Error&gt;&apos;, name: &apos;Error&apos;, toString: &apos;Function&lt;toString&gt;&apos; } ], code: &apos;ECONNREFUSED&apos; }
            </failure>
        </testcase>
        <testcase classname="contracts/auth.contract.test.ts" name="Auth API Contract Tests &gt; POST /auth/login &gt; should return 400 for invalid email format" time="0.0036748">
            <failure message="fetch failed" type="TypeError">
TypeError: fetch failed
 ❯ apiRequest helpers/api-client.ts:57:20
 ❯ contracts/auth.contract.test.ts:134:24

{
  stack: &apos;AggregateError: \n&apos; +
    &apos;    at internalConnectMultiple (node:net:1134:18)\n&apos; +
    &apos;    at afterConnectMultiple (node:net:1715:7)&apos;,
  errors: [
    {
      stack: &apos;Error: connect ECONNREFUSED ::1:3001\n&apos; +
        &apos;    at createConnectionError (node:net:1678:14)\n&apos; +
        &apos;    at afterConnectMultiple (node:net:1708:16)&apos;,
      message: &apos;connect ECONNREFUSED ::1:3001&apos;,
      errno: -4078,
      code: &apos;ECONNREFUSED&apos;,
      syscall: &apos;connect&apos;,
      address: &apos;::1&apos;,
      port: 3001,
      constructor: &apos;Function&lt;Error&gt;&apos;,
      name: &apos;Error&apos;,
      toString: &apos;Function&lt;toString&gt;&apos;
    },
    {
      stack: &apos;Error: connect ECONNREFUSED 127.0.0.1:3001\n&apos; +
        &apos;    at createConnectionError (node:net:1678:14)\n&apos; +
        &apos;    at afterConnectMultiple (node:net:1708:16)&apos;,
      message: &apos;connect ECONNREFUSED 127.0.0.1:3001&apos;,
      errno: -4078,
      code: &apos;ECONNREFUSED&apos;,
      syscall: &apos;connect&apos;,
      address: &apos;127.0.0.1&apos;,
      port: 3001,
      constructor: &apos;Function&lt;Error&gt;&apos;,
      name: &apos;Error&apos;,
      toString: &apos;Function&lt;toString&gt;&apos;
    }
  ],
  code: &apos;ECONNREFUSED&apos;,
  stackStr: &apos;AggregateError: \n&apos; +
    &apos;    at internalConnectMultiple (node:net:1134:18)\n&apos; +
    &apos;    at afterConnectMultiple (node:net:1715:7)&apos;,
  nameStr: &apos;AggregateError&apos;,
  expected: &apos;undefined&apos;,
  actual: &apos;undefined&apos;,
  message: &apos;&apos;,
  constructor: &apos;Function&lt;AggregateError&gt;&apos;,
  name: &apos;Caused by: Caused by: AggregateError&apos;,
  toString: &apos;Function&lt;toString&gt;&apos;,
  stacks: []
}
⎯⎯⎯⎯⎯⎯⎯⎯⎯⎯⎯⎯⎯⎯⎯⎯⎯⎯⎯⎯⎯⎯⎯⎯⎯⎯⎯⎯⎯⎯
Serialized Error: { errors: [ { stack: &apos;Error: connect ECONNREFUSED ::1:3001\n    at createConnectionError (node:net:1678:14)\n    at afterConnectMultiple (node:net:1708:16)&apos;, message: &apos;connect ECONNREFUSED ::1:3001&apos;, errno: -4078, code: &apos;ECONNREFUSED&apos;, syscall: &apos;connect&apos;, address: &apos;::1&apos;, port: 3001, constructor: &apos;Function&lt;Error&gt;&apos;, name: &apos;Error&apos;, toString: &apos;Function&lt;toString&gt;&apos; }, { stack: &apos;Error: connect ECONNREFUSED 127.0.0.1:3001\n    at createConnectionError (node:net:1678:14)\n    at afterConnectMultiple (node:net:1708:16)&apos;, message: &apos;connect ECONNREFUSED 127.0.0.1:3001&apos;, errno: -4078, code: &apos;ECONNREFUSED&apos;, syscall: &apos;connect&apos;, address: &apos;127.0.0.1&apos;, port: 3001, constructor: &apos;Function&lt;Error&gt;&apos;, name: &apos;Error&apos;, toString: &apos;Function&lt;toString&gt;&apos; } ], code: &apos;ECONNREFUSED&apos; }
            </failure>
        </testcase>
        <testcase classname="contracts/auth.contract.test.ts" name="Auth API Contract Tests &gt; POST /auth/login &gt; should prevent SQL injection in email field" time="0.0025576">
            <failure message="fetch failed" type="TypeError">
TypeError: fetch failed
 ❯ apiRequest helpers/api-client.ts:57:20
 ❯ contracts/auth.contract.test.ts:143:24

{
  stack: &apos;AggregateError: \n&apos; +
    &apos;    at internalConnectMultiple (node:net:1134:18)\n&apos; +
    &apos;    at afterConnectMultiple (node:net:1715:7)&apos;,
  errors: [
    {
      stack: &apos;Error: connect ECONNREFUSED ::1:3001\n&apos; +
        &apos;    at createConnectionError (node:net:1678:14)\n&apos; +
        &apos;    at afterConnectMultiple (node:net:1708:16)&apos;,
      message: &apos;connect ECONNREFUSED ::1:3001&apos;,
      errno: -4078,
      code: &apos;ECONNREFUSED&apos;,
      syscall: &apos;connect&apos;,
      address: &apos;::1&apos;,
      port: 3001,
      constructor: &apos;Function&lt;Error&gt;&apos;,
      name: &apos;Error&apos;,
      toString: &apos;Function&lt;toString&gt;&apos;
    },
    {
      stack: &apos;Error: connect ECONNREFUSED 127.0.0.1:3001\n&apos; +
        &apos;    at createConnectionError (node:net:1678:14)\n&apos; +
        &apos;    at afterConnectMultiple (node:net:1708:16)&apos;,
      message: &apos;connect ECONNREFUSED 127.0.0.1:3001&apos;,
      errno: -4078,
      code: &apos;ECONNREFUSED&apos;,
      syscall: &apos;connect&apos;,
      address: &apos;127.0.0.1&apos;,
      port: 3001,
      constructor: &apos;Function&lt;Error&gt;&apos;,
      name: &apos;Error&apos;,
      toString: &apos;Function&lt;toString&gt;&apos;
    }
  ],
  code: &apos;ECONNREFUSED&apos;,
  stackStr: &apos;AggregateError: \n&apos; +
    &apos;    at internalConnectMultiple (node:net:1134:18)\n&apos; +
    &apos;    at afterConnectMultiple (node:net:1715:7)&apos;,
  nameStr: &apos;AggregateError&apos;,
  expected: &apos;undefined&apos;,
  actual: &apos;undefined&apos;,
  message: &apos;&apos;,
  constructor: &apos;Function&lt;AggregateError&gt;&apos;,
  name: &apos;Caused by: Caused by: AggregateError&apos;,
  toString: &apos;Function&lt;toString&gt;&apos;,
  stacks: []
}
⎯⎯⎯⎯⎯⎯⎯⎯⎯⎯⎯⎯⎯⎯⎯⎯⎯⎯⎯⎯⎯⎯⎯⎯⎯⎯⎯⎯⎯⎯
Serialized Error: { errors: [ { stack: &apos;Error: connect ECONNREFUSED ::1:3001\n    at createConnectionError (node:net:1678:14)\n    at afterConnectMultiple (node:net:1708:16)&apos;, message: &apos;connect ECONNREFUSED ::1:3001&apos;, errno: -4078, code: &apos;ECONNREFUSED&apos;, syscall: &apos;connect&apos;, address: &apos;::1&apos;, port: 3001, constructor: &apos;Function&lt;Error&gt;&apos;, name: &apos;Error&apos;, toString: &apos;Function&lt;toString&gt;&apos; }, { stack: &apos;Error: connect ECONNREFUSED 127.0.0.1:3001\n    at createConnectionError (node:net:1678:14)\n    at afterConnectMultiple (node:net:1708:16)&apos;, message: &apos;connect ECONNREFUSED 127.0.0.1:3001&apos;, errno: -4078, code: &apos;ECONNREFUSED&apos;, syscall: &apos;connect&apos;, address: &apos;127.0.0.1&apos;, port: 3001, constructor: &apos;Function&lt;Error&gt;&apos;, name: &apos;Error&apos;, toString: &apos;Function&lt;toString&gt;&apos; } ], code: &apos;ECONNREFUSED&apos; }
            </failure>
        </testcase>
        <testcase classname="contracts/auth.contract.test.ts" name="Auth API Contract Tests &gt; POST /auth/refresh &gt; should return valid auth response with new tokens" time="0.0021783">
            <failure message="fetch failed" type="TypeError">
TypeError: fetch failed
 ❯ apiRequest helpers/api-client.ts:57:20
 ❯ contracts/auth.contract.test.ts:156:29

{
  stack: &apos;AggregateError: \n&apos; +
    &apos;    at internalConnectMultiple (node:net:1134:18)\n&apos; +
    &apos;    at afterConnectMultiple (node:net:1715:7)&apos;,
  errors: [
    {
      stack: &apos;Error: connect ECONNREFUSED ::1:3001\n&apos; +
        &apos;    at createConnectionError (node:net:1678:14)\n&apos; +
        &apos;    at afterConnectMultiple (node:net:1708:16)&apos;,
      message: &apos;connect ECONNREFUSED ::1:3001&apos;,
      errno: -4078,
      code: &apos;ECONNREFUSED&apos;,
      syscall: &apos;connect&apos;,
      address: &apos;::1&apos;,
      port: 3001,
      constructor: &apos;Function&lt;Error&gt;&apos;,
      name: &apos;Error&apos;,
      toString: &apos;Function&lt;toString&gt;&apos;
    },
    {
      stack: &apos;Error: connect ECONNREFUSED 127.0.0.1:3001\n&apos; +
        &apos;    at createConnectionError (node:net:1678:14)\n&apos; +
        &apos;    at afterConnectMultiple (node:net:1708:16)&apos;,
      message: &apos;connect ECONNREFUSED 127.0.0.1:3001&apos;,
      errno: -4078,
      code: &apos;ECONNREFUSED&apos;,
      syscall: &apos;connect&apos;,
      address: &apos;127.0.0.1&apos;,
      port: 3001,
      constructor: &apos;Function&lt;Error&gt;&apos;,
      name: &apos;Error&apos;,
      toString: &apos;Function&lt;toString&gt;&apos;
    }
  ],
  code: &apos;ECONNREFUSED&apos;,
  stackStr: &apos;AggregateError: \n&apos; +
    &apos;    at internalConnectMultiple (node:net:1134:18)\n&apos; +
    &apos;    at afterConnectMultiple (node:net:1715:7)&apos;,
  nameStr: &apos;AggregateError&apos;,
  expected: &apos;undefined&apos;,
  actual: &apos;undefined&apos;,
  message: &apos;&apos;,
  constructor: &apos;Function&lt;AggregateError&gt;&apos;,
  name: &apos;Caused by: Caused by: AggregateError&apos;,
  toString: &apos;Function&lt;toString&gt;&apos;,
  stacks: []
}
⎯⎯⎯⎯⎯⎯⎯⎯⎯⎯⎯⎯⎯⎯⎯⎯⎯⎯⎯⎯⎯⎯⎯⎯⎯⎯⎯⎯⎯⎯
Serialized Error: { errors: [ { stack: &apos;Error: connect ECONNREFUSED ::1:3001\n    at createConnectionError (node:net:1678:14)\n    at afterConnectMultiple (node:net:1708:16)&apos;, message: &apos;connect ECONNREFUSED ::1:3001&apos;, errno: -4078, code: &apos;ECONNREFUSED&apos;, syscall: &apos;connect&apos;, address: &apos;::1&apos;, port: 3001, constructor: &apos;Function&lt;Error&gt;&apos;, name: &apos;Error&apos;, toString: &apos;Function&lt;toString&gt;&apos; }, { stack: &apos;Error: connect ECONNREFUSED 127.0.0.1:3001\n    at createConnectionError (node:net:1678:14)\n    at afterConnectMultiple (node:net:1708:16)&apos;, message: &apos;connect ECONNREFUSED 127.0.0.1:3001&apos;, errno: -4078, code: &apos;ECONNREFUSED&apos;, syscall: &apos;connect&apos;, address: &apos;127.0.0.1&apos;, port: 3001, constructor: &apos;Function&lt;Error&gt;&apos;, name: &apos;Error&apos;, toString: &apos;Function&lt;toString&gt;&apos; } ], code: &apos;ECONNREFUSED&apos; }
            </failure>
        </testcase>
        <testcase classname="contracts/auth.contract.test.ts" name="Auth API Contract Tests &gt; POST /auth/refresh &gt; should return 401 for invalid refresh token" time="0.002203">
            <failure message="fetch failed" type="TypeError">
TypeError: fetch failed
 ❯ apiRequest helpers/api-client.ts:57:20
 ❯ contracts/auth.contract.test.ts:174:24

{
  stack: &apos;AggregateError: \n&apos; +
    &apos;    at internalConnectMultiple (node:net:1134:18)\n&apos; +
    &apos;    at afterConnectMultiple (node:net:1715:7)&apos;,
  errors: [
    {
      stack: &apos;Error: connect ECONNREFUSED ::1:3001\n&apos; +
        &apos;    at createConnectionError (node:net:1678:14)\n&apos; +
        &apos;    at afterConnectMultiple (node:net:1708:16)&apos;,
      message: &apos;connect ECONNREFUSED ::1:3001&apos;,
      errno: -4078,
      code: &apos;ECONNREFUSED&apos;,
      syscall: &apos;connect&apos;,
      address: &apos;::1&apos;,
      port: 3001,
      constructor: &apos;Function&lt;Error&gt;&apos;,
      name: &apos;Error&apos;,
      toString: &apos;Function&lt;toString&gt;&apos;
    },
    {
      stack: &apos;Error: connect ECONNREFUSED 127.0.0.1:3001\n&apos; +
        &apos;    at createConnectionError (node:net:1678:14)\n&apos; +
        &apos;    at afterConnectMultiple (node:net:1708:16)&apos;,
      message: &apos;connect ECONNREFUSED 127.0.0.1:3001&apos;,
      errno: -4078,
      code: &apos;ECONNREFUSED&apos;,
      syscall: &apos;connect&apos;,
      address: &apos;127.0.0.1&apos;,
      port: 3001,
      constructor: &apos;Function&lt;Error&gt;&apos;,
      name: &apos;Error&apos;,
      toString: &apos;Function&lt;toString&gt;&apos;
    }
  ],
  code: &apos;ECONNREFUSED&apos;,
  stackStr: &apos;AggregateError: \n&apos; +
    &apos;    at internalConnectMultiple (node:net:1134:18)\n&apos; +
    &apos;    at afterConnectMultiple (node:net:1715:7)&apos;,
  nameStr: &apos;AggregateError&apos;,
  expected: &apos;undefined&apos;,
  actual: &apos;undefined&apos;,
  message: &apos;&apos;,
  constructor: &apos;Function&lt;AggregateError&gt;&apos;,
  name: &apos;Caused by: Caused by: AggregateError&apos;,
  toString: &apos;Function&lt;toString&gt;&apos;,
  stacks: []
}
⎯⎯⎯⎯⎯⎯⎯⎯⎯⎯⎯⎯⎯⎯⎯⎯⎯⎯⎯⎯⎯⎯⎯⎯⎯⎯⎯⎯⎯⎯
Serialized Error: { errors: [ { stack: &apos;Error: connect ECONNREFUSED ::1:3001\n    at createConnectionError (node:net:1678:14)\n    at afterConnectMultiple (node:net:1708:16)&apos;, message: &apos;connect ECONNREFUSED ::1:3001&apos;, errno: -4078, code: &apos;ECONNREFUSED&apos;, syscall: &apos;connect&apos;, address: &apos;::1&apos;, port: 3001, constructor: &apos;Function&lt;Error&gt;&apos;, name: &apos;Error&apos;, toString: &apos;Function&lt;toString&gt;&apos; }, { stack: &apos;Error: connect ECONNREFUSED 127.0.0.1:3001\n    at createConnectionError (node:net:1678:14)\n    at afterConnectMultiple (node:net:1708:16)&apos;, message: &apos;connect ECONNREFUSED 127.0.0.1:3001&apos;, errno: -4078, code: &apos;ECONNREFUSED&apos;, syscall: &apos;connect&apos;, address: &apos;127.0.0.1&apos;, port: 3001, constructor: &apos;Function&lt;Error&gt;&apos;, name: &apos;Error&apos;, toString: &apos;Function&lt;toString&gt;&apos; } ], code: &apos;ECONNREFUSED&apos; }
            </failure>
        </testcase>
        <testcase classname="contracts/auth.contract.test.ts" name="Auth API Contract Tests &gt; POST /auth/refresh &gt; should return 400 for missing refresh token" time="0.0021227">
            <failure message="fetch failed" type="TypeError">
TypeError: fetch failed
 ❯ apiRequest helpers/api-client.ts:57:20
 ❯ contracts/auth.contract.test.ts:182:24

{
  stack: &apos;AggregateError: \n&apos; +
    &apos;    at internalConnectMultiple (node:net:1134:18)\n&apos; +
    &apos;    at afterConnectMultiple (node:net:1715:7)&apos;,
  errors: [
    {
      stack: &apos;Error: connect ECONNREFUSED ::1:3001\n&apos; +
        &apos;    at createConnectionError (node:net:1678:14)\n&apos; +
        &apos;    at afterConnectMultiple (node:net:1708:16)&apos;,
      message: &apos;connect ECONNREFUSED ::1:3001&apos;,
      errno: -4078,
      code: &apos;ECONNREFUSED&apos;,
      syscall: &apos;connect&apos;,
      address: &apos;::1&apos;,
      port: 3001,
      constructor: &apos;Function&lt;Error&gt;&apos;,
      name: &apos;Error&apos;,
      toString: &apos;Function&lt;toString&gt;&apos;
    },
    {
      stack: &apos;Error: connect ECONNREFUSED 127.0.0.1:3001\n&apos; +
        &apos;    at createConnectionError (node:net:1678:14)\n&apos; +
        &apos;    at afterConnectMultiple (node:net:1708:16)&apos;,
      message: &apos;connect ECONNREFUSED 127.0.0.1:3001&apos;,
      errno: -4078,
      code: &apos;ECONNREFUSED&apos;,
      syscall: &apos;connect&apos;,
      address: &apos;127.0.0.1&apos;,
      port: 3001,
      constructor: &apos;Function&lt;Error&gt;&apos;,
      name: &apos;Error&apos;,
      toString: &apos;Function&lt;toString&gt;&apos;
    }
  ],
  code: &apos;ECONNREFUSED&apos;,
  stackStr: &apos;AggregateError: \n&apos; +
    &apos;    at internalConnectMultiple (node:net:1134:18)\n&apos; +
    &apos;    at afterConnectMultiple (node:net:1715:7)&apos;,
  nameStr: &apos;AggregateError&apos;,
  expected: &apos;undefined&apos;,
  actual: &apos;undefined&apos;,
  message: &apos;&apos;,
  constructor: &apos;Function&lt;AggregateError&gt;&apos;,
  name: &apos;Caused by: Caused by: AggregateError&apos;,
  toString: &apos;Function&lt;toString&gt;&apos;,
  stacks: []
}
⎯⎯⎯⎯⎯⎯⎯⎯⎯⎯⎯⎯⎯⎯⎯⎯⎯⎯⎯⎯⎯⎯⎯⎯⎯⎯⎯⎯⎯⎯
Serialized Error: { errors: [ { stack: &apos;Error: connect ECONNREFUSED ::1:3001\n    at createConnectionError (node:net:1678:14)\n    at afterConnectMultiple (node:net:1708:16)&apos;, message: &apos;connect ECONNREFUSED ::1:3001&apos;, errno: -4078, code: &apos;ECONNREFUSED&apos;, syscall: &apos;connect&apos;, address: &apos;::1&apos;, port: 3001, constructor: &apos;Function&lt;Error&gt;&apos;, name: &apos;Error&apos;, toString: &apos;Function&lt;toString&gt;&apos; }, { stack: &apos;Error: connect ECONNREFUSED 127.0.0.1:3001\n    at createConnectionError (node:net:1678:14)\n    at afterConnectMultiple (node:net:1708:16)&apos;, message: &apos;connect ECONNREFUSED 127.0.0.1:3001&apos;, errno: -4078, code: &apos;ECONNREFUSED&apos;, syscall: &apos;connect&apos;, address: &apos;127.0.0.1&apos;, port: 3001, constructor: &apos;Function&lt;Error&gt;&apos;, name: &apos;Error&apos;, toString: &apos;Function&lt;toString&gt;&apos; } ], code: &apos;ECONNREFUSED&apos; }
            </failure>
        </testcase>
        <testcase classname="contracts/auth.contract.test.ts" name="Auth API Contract Tests &gt; POST /auth/logout &gt; should return success on logout with valid token" time="0.0023735">
        </testcase>
        <testcase classname="contracts/auth.contract.test.ts" name="Auth API Contract Tests &gt; POST /auth/logout &gt; should return 401 for logout without token" time="0.0023408">
            <failure message="fetch failed" type="TypeError">
TypeError: fetch failed
 ❯ apiRequest helpers/api-client.ts:57:20
 ❯ contracts/auth.contract.test.ts:203:24

{
  stack: &apos;AggregateError: \n&apos; +
    &apos;    at internalConnectMultiple (node:net:1134:18)\n&apos; +
    &apos;    at afterConnectMultiple (node:net:1715:7)&apos;,
  errors: [
    {
      stack: &apos;Error: connect ECONNREFUSED ::1:3001\n&apos; +
        &apos;    at createConnectionError (node:net:1678:14)\n&apos; +
        &apos;    at afterConnectMultiple (node:net:1708:16)&apos;,
      message: &apos;connect ECONNREFUSED ::1:3001&apos;,
      errno: -4078,
      code: &apos;ECONNREFUSED&apos;,
      syscall: &apos;connect&apos;,
      address: &apos;::1&apos;,
      port: 3001,
      constructor: &apos;Function&lt;Error&gt;&apos;,
      name: &apos;Error&apos;,
      toString: &apos;Function&lt;toString&gt;&apos;
    },
    {
      stack: &apos;Error: connect ECONNREFUSED 127.0.0.1:3001\n&apos; +
        &apos;    at createConnectionError (node:net:1678:14)\n&apos; +
        &apos;    at afterConnectMultiple (node:net:1708:16)&apos;,
      message: &apos;connect ECONNREFUSED 127.0.0.1:3001&apos;,
      errno: -4078,
      code: &apos;ECONNREFUSED&apos;,
      syscall: &apos;connect&apos;,
      address: &apos;127.0.0.1&apos;,
      port: 3001,
      constructor: &apos;Function&lt;Error&gt;&apos;,
      name: &apos;Error&apos;,
      toString: &apos;Function&lt;toString&gt;&apos;
    }
  ],
  code: &apos;ECONNREFUSED&apos;,
  stackStr: &apos;AggregateError: \n&apos; +
    &apos;    at internalConnectMultiple (node:net:1134:18)\n&apos; +
    &apos;    at afterConnectMultiple (node:net:1715:7)&apos;,
  nameStr: &apos;AggregateError&apos;,
  expected: &apos;undefined&apos;,
  actual: &apos;undefined&apos;,
  message: &apos;&apos;,
  constructor: &apos;Function&lt;AggregateError&gt;&apos;,
  name: &apos;Caused by: Caused by: AggregateError&apos;,
  toString: &apos;Function&lt;toString&gt;&apos;,
  stacks: []
}
⎯⎯⎯⎯⎯⎯⎯⎯⎯⎯⎯⎯⎯⎯⎯⎯⎯⎯⎯⎯⎯⎯⎯⎯⎯⎯⎯⎯⎯⎯
Serialized Error: { errors: [ { stack: &apos;Error: connect ECONNREFUSED ::1:3001\n    at createConnectionError (node:net:1678:14)\n    at afterConnectMultiple (node:net:1708:16)&apos;, message: &apos;connect ECONNREFUSED ::1:3001&apos;, errno: -4078, code: &apos;ECONNREFUSED&apos;, syscall: &apos;connect&apos;, address: &apos;::1&apos;, port: 3001, constructor: &apos;Function&lt;Error&gt;&apos;, name: &apos;Error&apos;, toString: &apos;Function&lt;toString&gt;&apos; }, { stack: &apos;Error: connect ECONNREFUSED 127.0.0.1:3001\n    at createConnectionError (node:net:1678:14)\n    at afterConnectMultiple (node:net:1708:16)&apos;, message: &apos;connect ECONNREFUSED 127.0.0.1:3001&apos;, errno: -4078, code: &apos;ECONNREFUSED&apos;, syscall: &apos;connect&apos;, address: &apos;127.0.0.1&apos;, port: 3001, constructor: &apos;Function&lt;Error&gt;&apos;, name: &apos;Error&apos;, toString: &apos;Function&lt;toString&gt;&apos; } ], code: &apos;ECONNREFUSED&apos; }
            </failure>
        </testcase>
        <testcase classname="contracts/auth.contract.test.ts" name="Auth API Contract Tests &gt; GET /auth/me &gt; should return valid user schema when authenticated" time="0.0019116">
        </testcase>
        <testcase classname="contracts/auth.contract.test.ts" name="Auth API Contract Tests &gt; GET /auth/me &gt; should return 401 without authentication" time="0.0025299">
            <failure message="fetch failed" type="TypeError">
TypeError: fetch failed
 ❯ apiRequest helpers/api-client.ts:57:20
 ❯ contracts/auth.contract.test.ts:230:24

{
  stack: &apos;AggregateError: \n&apos; +
    &apos;    at internalConnectMultiple (node:net:1134:18)\n&apos; +
    &apos;    at afterConnectMultiple (node:net:1715:7)&apos;,
  errors: [
    {
      stack: &apos;Error: connect ECONNREFUSED ::1:3001\n&apos; +
        &apos;    at createConnectionError (node:net:1678:14)\n&apos; +
        &apos;    at afterConnectMultiple (node:net:1708:16)&apos;,
      message: &apos;connect ECONNREFUSED ::1:3001&apos;,
      errno: -4078,
      code: &apos;ECONNREFUSED&apos;,
      syscall: &apos;connect&apos;,
      address: &apos;::1&apos;,
      port: 3001,
      constructor: &apos;Function&lt;Error&gt;&apos;,
      name: &apos;Error&apos;,
      toString: &apos;Function&lt;toString&gt;&apos;
    },
    {
      stack: &apos;Error: connect ECONNREFUSED 127.0.0.1:3001\n&apos; +
        &apos;    at createConnectionError (node:net:1678:14)\n&apos; +
        &apos;    at afterConnectMultiple (node:net:1708:16)&apos;,
      message: &apos;connect ECONNREFUSED 127.0.0.1:3001&apos;,
      errno: -4078,
      code: &apos;ECONNREFUSED&apos;,
      syscall: &apos;connect&apos;,
      address: &apos;127.0.0.1&apos;,
      port: 3001,
      constructor: &apos;Function&lt;Error&gt;&apos;,
      name: &apos;Error&apos;,
      toString: &apos;Function&lt;toString&gt;&apos;
    }
  ],
  code: &apos;ECONNREFUSED&apos;,
  stackStr: &apos;AggregateError: \n&apos; +
    &apos;    at internalConnectMultiple (node:net:1134:18)\n&apos; +
    &apos;    at afterConnectMultiple (node:net:1715:7)&apos;,
  nameStr: &apos;AggregateError&apos;,
  expected: &apos;undefined&apos;,
  actual: &apos;undefined&apos;,
  message: &apos;&apos;,
  constructor: &apos;Function&lt;AggregateError&gt;&apos;,
  name: &apos;Caused by: Caused by: AggregateError&apos;,
  toString: &apos;Function&lt;toString&gt;&apos;,
  stacks: []
}
⎯⎯⎯⎯⎯⎯⎯⎯⎯⎯⎯⎯⎯⎯⎯⎯⎯⎯⎯⎯⎯⎯⎯⎯⎯⎯⎯⎯⎯⎯
Serialized Error: { errors: [ { stack: &apos;Error: connect ECONNREFUSED ::1:3001\n    at createConnectionError (node:net:1678:14)\n    at afterConnectMultiple (node:net:1708:16)&apos;, message: &apos;connect ECONNREFUSED ::1:3001&apos;, errno: -4078, code: &apos;ECONNREFUSED&apos;, syscall: &apos;connect&apos;, address: &apos;::1&apos;, port: 3001, constructor: &apos;Function&lt;Error&gt;&apos;, name: &apos;Error&apos;, toString: &apos;Function&lt;toString&gt;&apos; }, { stack: &apos;Error: connect ECONNREFUSED 127.0.0.1:3001\n    at createConnectionError (node:net:1678:14)\n    at afterConnectMultiple (node:net:1708:16)&apos;, message: &apos;connect ECONNREFUSED 127.0.0.1:3001&apos;, errno: -4078, code: &apos;ECONNREFUSED&apos;, syscall: &apos;connect&apos;, address: &apos;127.0.0.1&apos;, port: 3001, constructor: &apos;Function&lt;Error&gt;&apos;, name: &apos;Error&apos;, toString: &apos;Function&lt;toString&gt;&apos; } ], code: &apos;ECONNREFUSED&apos; }
            </failure>
        </testcase>
        <testcase classname="contracts/auth.contract.test.ts" name="Auth API Contract Tests &gt; GET /auth/me &gt; should return 401 with invalid token" time="0.0026236">
            <failure message="fetch failed" type="TypeError">
TypeError: fetch failed
 ❯ apiRequest helpers/api-client.ts:57:20
 ❯ contracts/auth.contract.test.ts:236:24

{
  stack: &apos;AggregateError: \n&apos; +
    &apos;    at internalConnectMultiple (node:net:1134:18)\n&apos; +
    &apos;    at afterConnectMultiple (node:net:1715:7)&apos;,
  errors: [
    {
      stack: &apos;Error: connect ECONNREFUSED ::1:3001\n&apos; +
        &apos;    at createConnectionError (node:net:1678:14)\n&apos; +
        &apos;    at afterConnectMultiple (node:net:1708:16)&apos;,
      message: &apos;connect ECONNREFUSED ::1:3001&apos;,
      errno: -4078,
      code: &apos;ECONNREFUSED&apos;,
      syscall: &apos;connect&apos;,
      address: &apos;::1&apos;,
      port: 3001,
      constructor: &apos;Function&lt;Error&gt;&apos;,
      name: &apos;Error&apos;,
      toString: &apos;Function&lt;toString&gt;&apos;
    },
    {
      stack: &apos;Error: connect ECONNREFUSED 127.0.0.1:3001\n&apos; +
        &apos;    at createConnectionError (node:net:1678:14)\n&apos; +
        &apos;    at afterConnectMultiple (node:net:1708:16)&apos;,
      message: &apos;connect ECONNREFUSED 127.0.0.1:3001&apos;,
      errno: -4078,
      code: &apos;ECONNREFUSED&apos;,
      syscall: &apos;connect&apos;,
      address: &apos;127.0.0.1&apos;,
      port: 3001,
      constructor: &apos;Function&lt;Error&gt;&apos;,
      name: &apos;Error&apos;,
      toString: &apos;Function&lt;toString&gt;&apos;
    }
  ],
  code: &apos;ECONNREFUSED&apos;,
  stackStr: &apos;AggregateError: \n&apos; +
    &apos;    at internalConnectMultiple (node:net:1134:18)\n&apos; +
    &apos;    at afterConnectMultiple (node:net:1715:7)&apos;,
  nameStr: &apos;AggregateError&apos;,
  expected: &apos;undefined&apos;,
  actual: &apos;undefined&apos;,
  message: &apos;&apos;,
  constructor: &apos;Function&lt;AggregateError&gt;&apos;,
  name: &apos;Caused by: Caused by: AggregateError&apos;,
  toString: &apos;Function&lt;toString&gt;&apos;,
  stacks: []
}
⎯⎯⎯⎯⎯⎯⎯⎯⎯⎯⎯⎯⎯⎯⎯⎯⎯⎯⎯⎯⎯⎯⎯⎯⎯⎯⎯⎯⎯⎯
[...]
        </testcase>
        <testcase classname="smoke/api-smoke.test.ts" name="API Smoke Tests &gt; Core Endpoints &gt; should access user profile endpoint" time="0.0001642">
        </testcase>
        <testcase classname="smoke/api-smoke.test.ts" name="API Smoke Tests &gt; Core Endpoints &gt; should access notifications endpoint" time="0.000117">
        </testcase>
        <testcase classname="smoke/api-smoke.test.ts" name="API Smoke Tests &gt; Core Endpoints &gt; should access billing endpoint" time="0.0001303">
        </testcase>
        <testcase classname="smoke/api-smoke.test.ts" name="API Smoke Tests &gt; Error Handling &gt; should return 404 for non-existent routes" time="0.0022566">
            <failure message="fetch failed" type="TypeError">
TypeError: fetch failed
 ❯ apiRequest helpers/api-client.ts:57:20
 ❯ smoke/api-smoke.test.ts:117:24

{
  stack: &apos;AggregateError: \n&apos; +
    &apos;    at internalConnectMultiple (node:net:1134:18)\n&apos; +
    &apos;    at afterConnectMultiple (node:net:1715:7)&apos;,
  errors: [
    {
      stack: &apos;Error: connect ECONNREFUSED ::1:3001\n&apos; +
        &apos;    at createConnectionError (node:net:1678:14)\n&apos; +
        &apos;    at afterConnectMultiple (node:net:1708:16)&apos;,
      message: &apos;connect ECONNREFUSED ::1:3001&apos;,
      errno: -4078,
      code: &apos;ECONNREFUSED&apos;,
      syscall: &apos;connect&apos;,
      address: &apos;::1&apos;,
      port: 3001,
      constructor: &apos;Function&lt;Error&gt;&apos;,
      name: &apos;Error&apos;,
      toString: &apos;Function&lt;toString&gt;&apos;
    },
    {
      stack: &apos;Error: connect ECONNREFUSED 127.0.0.1:3001\n&apos; +
        &apos;    at createConnectionError (node:net:1678:14)\n&apos; +
        &apos;    at afterConnectMultiple (node:net:1708:16)&apos;,
      message: &apos;connect ECONNREFUSED 127.0.0.1:3001&apos;,
      errno: -4078,
      code: &apos;ECONNREFUSED&apos;,
      syscall: &apos;connect&apos;,
      address: &apos;127.0.0.1&apos;,
      port: 3001,
      constructor: &apos;Function&lt;Error&gt;&apos;,
      name: &apos;Error&apos;,
      toString: &apos;Function&lt;toString&gt;&apos;
    }
  ],
  code: &apos;ECONNREFUSED&apos;,
  stackStr: &apos;AggregateError: \n&apos; +
    &apos;    at internalConnectMultiple (node:net:1134:18)\n&apos; +
    &apos;    at afterConnectMultiple (node:net:1715:7)&apos;,
  nameStr: &apos;AggregateError&apos;,
  expected: &apos;undefined&apos;,
  actual: &apos;undefined&apos;,
  message: &apos;&apos;,
  constructor: &apos;Function&lt;AggregateError&gt;&apos;,
  name: &apos;Caused by: Caused by: AggregateError&apos;,
  toString: &apos;Function&lt;toString&gt;&apos;,
  stacks: []
}
⎯⎯⎯⎯⎯⎯⎯⎯⎯⎯⎯⎯⎯⎯⎯⎯⎯⎯⎯⎯⎯⎯⎯⎯⎯⎯⎯⎯⎯⎯
Serialized Error: { errors: [ { stack: &apos;Error: connect ECONNREFUSED ::1:3001\n    at createConnectionError (node:net:1678:14)\n    at afterConnectMultiple (node:net:1708:16)&apos;, message: &apos;connect ECONNREFUSED ::1:3001&apos;, errno: -4078, code: &apos;ECONNREFUSED&apos;, syscall: &apos;connect&apos;, address: &apos;::1&apos;, port: 3001, constructor: &apos;Function&lt;Error&gt;&apos;, name: &apos;Error&apos;, toString: &apos;Function&lt;toString&gt;&apos; }, { stack: &apos;Error: connect ECONNREFUSED 127.0.0.1:3001\n    at createConnectionError (node:net:1678:14)\n    at afterConnectMultiple (node:net:1708:16)&apos;, message: &apos;connect ECONNREFUSED 127.0.0.1:3001&apos;, errno: -4078, code: &apos;ECONNREFUSED&apos;, syscall: &apos;connect&apos;, address: &apos;127.0.0.1&apos;, port: 3001, constructor: &apos;Function&lt;Error&gt;&apos;, name: &apos;Error&apos;, toString: &apos;Function&lt;toString&gt;&apos; } ], code: &apos;ECONNREFUSED&apos; }
            </failure>
        </testcase>
        <testcase classname="smoke/api-smoke.test.ts" name="API Smoke Tests &gt; Error Handling &gt; should return 400 for malformed requests" time="0.0023213">
            <failure message="fetch failed" type="TypeError">
TypeError: fetch failed
 ❯ apiRequest helpers/api-client.ts:57:20
 ❯ smoke/api-smoke.test.ts:123:24

{
  stack: &apos;AggregateError: \n&apos; +
    &apos;    at internalConnectMultiple (node:net:1134:18)\n&apos; +
    &apos;    at afterConnectMultiple (node:net:1715:7)&apos;,
  errors: [
    {
      stack: &apos;Error: connect ECONNREFUSED ::1:3001\n&apos; +
        &apos;    at createConnectionError (node:net:1678:14)\n&apos; +
        &apos;    at afterConnectMultiple (node:net:1708:16)&apos;,
      message: &apos;connect ECONNREFUSED ::1:3001&apos;,
      errno: -4078,
      code: &apos;ECONNREFUSED&apos;,
      syscall: &apos;connect&apos;,
      address: &apos;::1&apos;,
      port: 3001,
      constructor: &apos;Function&lt;Error&gt;&apos;,
      name: &apos;Error&apos;,
      toString: &apos;Function&lt;toString&gt;&apos;
    },
    {
      stack: &apos;Error: connect ECONNREFUSED 127.0.0.1:3001\n&apos; +
        &apos;    at createConnectionError (node:net:1678:14)\n&apos; +
        &apos;    at afterConnectMultiple (node:net:1708:16)&apos;,
      message: &apos;connect ECONNREFUSED 127.0.0.1:3001&apos;,
      errno: -4078,
      code: &apos;ECONNREFUSED&apos;,
      syscall: &apos;connect&apos;,
      address: &apos;127.0.0.1&apos;,
      port: 3001,
      constructor: &apos;Function&lt;Error&gt;&apos;,
      name: &apos;Error&apos;,
      toString: &apos;Function&lt;toString&gt;&apos;
    }
  ],
  code: &apos;ECONNREFUSED&apos;,
  stackStr: &apos;AggregateError: \n&apos; +
    &apos;    at internalConnectMultiple (node:net:1134:18)\n&apos; +
    &apos;    at afterConnectMultiple (node:net:1715:7)&apos;,
  nameStr: &apos;AggregateError&apos;,
  expected: &apos;undefined&apos;,
  actual: &apos;undefined&apos;,
  message: &apos;&apos;,
  constructor: &apos;Function&lt;AggregateError&gt;&apos;,
  name: &apos;Caused by: Caused by: AggregateError&apos;,
  toString: &apos;Function&lt;toString&gt;&apos;,
  stacks: []
}
⎯⎯⎯⎯⎯⎯⎯⎯⎯⎯⎯⎯⎯⎯⎯⎯⎯⎯⎯⎯⎯⎯⎯⎯⎯⎯⎯⎯⎯⎯
Serialized Error: { errors: [ { stack: &apos;Error: connect ECONNREFUSED ::1:3001\n    at createConnectionError (node:net:1678:14)\n    at afterConnectMultiple (node:net:1708:16)&apos;, message: &apos;connect ECONNREFUSED ::1:3001&apos;, errno: -4078, code: &apos;ECONNREFUSED&apos;, syscall: &apos;connect&apos;, address: &apos;::1&apos;, port: 3001, constructor: &apos;Function&lt;Error&gt;&apos;, name: &apos;Error&apos;, toString: &apos;Function&lt;toString&gt;&apos; }, { stack: &apos;Error: connect ECONNREFUSED 127.0.0.1:3001\n    at createConnectionError (node:net:1678:14)\n    at afterConnectMultiple (node:net:1708:16)&apos;, message: &apos;connect ECONNREFUSED 127.0.0.1:3001&apos;, errno: -4078, code: &apos;ECONNREFUSED&apos;, syscall: &apos;connect&apos;, address: &apos;127.0.0.1&apos;, port: 3001, constructor: &apos;Function&lt;Error&gt;&apos;, name: &apos;Error&apos;, toString: &apos;Function&lt;toString&gt;&apos; } ], code: &apos;ECONNREFUSED&apos; }
            </failure>
        </testcase>
        <testcase classname="smoke/api-smoke.test.ts" name="API Smoke Tests &gt; Error Handling &gt; should handle OPTIONS preflight requests" time="0.0026191">
            <failure message="fetch failed" type="TypeError">
TypeError: fetch failed
 ❯ smoke/api-smoke.test.ts:132:24

{
  stack: &apos;AggregateError: \n&apos; +
    &apos;    at internalConnectMultiple (node:net:1134:18)\n&apos; +
    &apos;    at afterConnectMultiple (node:net:1715:7)&apos;,
  errors: [
    {
      stack: &apos;Error: connect ECONNREFUSED ::1:3001\n&apos; +
        &apos;    at createConnectionError (node:net:1678:14)\n&apos; +
        &apos;    at afterConnectMultiple (node:net:1708:16)&apos;,
      message: &apos;connect ECONNREFUSED ::1:3001&apos;,
      errno: -4078,
      code: &apos;ECONNREFUSED&apos;,
      syscall: &apos;connect&apos;,
      address: &apos;::1&apos;,
      port: 3001,
      constructor: &apos;Function&lt;Error&gt;&apos;,
      name: &apos;Error&apos;,
      toString: &apos;Function&lt;toString&gt;&apos;
    },
    {
      stack: &apos;Error: connect ECONNREFUSED 127.0.0.1:3001\n&apos; +
        &apos;    at createConnectionError (node:net:1678:14)\n&apos; +
        &apos;    at afterConnectMultiple (node:net:1708:16)&apos;,
      message: &apos;connect ECONNREFUSED 127.0.0.1:3001&apos;,
      errno: -4078,
      code: &apos;ECONNREFUSED&apos;,
      syscall: &apos;connect&apos;,
      address: &apos;127.0.0.1&apos;,
      port: 3001,
      constructor: &apos;Function&lt;Error&gt;&apos;,
      name: &apos;Error&apos;,
      toString: &apos;Function&lt;toString&gt;&apos;
    }
  ],
  code: &apos;ECONNREFUSED&apos;,
  stackStr: &apos;AggregateError: \n&apos; +
    &apos;    at internalConnectMultiple (node:net:1134:18)\n&apos; +
    &apos;    at afterConnectMultiple (node:net:1715:7)&apos;,
  nameStr: &apos;AggregateError&apos;,
  expected: &apos;undefined&apos;,
  actual: &apos;undefined&apos;,
  message: &apos;&apos;,
  constructor: &apos;Function&lt;AggregateError&gt;&apos;,
  name: &apos;Caused by: Caused by: AggregateError&apos;,
  toString: &apos;Function&lt;toString&gt;&apos;,
  stacks: []
}
⎯⎯⎯⎯⎯⎯⎯⎯⎯⎯⎯⎯⎯⎯⎯⎯⎯⎯⎯⎯⎯⎯⎯⎯⎯⎯⎯⎯⎯⎯
Serialized Error: { errors: [ { stack: &apos;Error: connect ECONNREFUSED ::1:3001\n    at createConnectionError (node:net:1678:14)\n    at afterConnectMultiple (node:net:1708:16)&apos;, message: &apos;connect ECONNREFUSED ::1:3001&apos;, errno: -4078, code: &apos;ECONNREFUSED&apos;, syscall: &apos;connect&apos;, address: &apos;::1&apos;, port: 3001, constructor: &apos;Function&lt;Error&gt;&apos;, name: &apos;Error&apos;, toString: &apos;Function&lt;toString&gt;&apos; }, { stack: &apos;Error: connect ECONNREFUSED 127.0.0.1:3001\n    at createConnectionError (node:net:1678:14)\n    at afterConnectMultiple (node:net:1708:16)&apos;, message: &apos;connect ECONNREFUSED 127.0.0.1:3001&apos;, errno: -4078, code: &apos;ECONNREFUSED&apos;, syscall: &apos;connect&apos;, address: &apos;127.0.0.1&apos;, port: 3001, constructor: &apos;Function&lt;Error&gt;&apos;, name: &apos;Error&apos;, toString: &apos;Function&lt;toString&gt;&apos; } ], code: &apos;ECONNREFUSED&apos; }
            </failure>
        </testcase>
        <testcase classname="smoke/api-smoke.test.ts" name="API Smoke Tests &gt; Rate Limiting &gt; should include rate limit headers" time="0.0032694">
            <failure message="fetch failed" type="TypeError">
TypeError: fetch failed
 ❯ apiRequest helpers/api-client.ts:57:20
 ❯ smoke/api-smoke.test.ts:142:24

{
  stack: &apos;AggregateError: \n&apos; +
    &apos;    at internalConnectMultiple (node:net:1134:18)\n&apos; +
    &apos;    at afterConnectMultiple (node:net:1715:7)&apos;,
  errors: [
    {
      stack: &apos;Error: connect ECONNREFUSED ::1:3001\n&apos; +
        &apos;    at createConnectionError (node:net:1678:14)\n&apos; +
        &apos;    at afterConnectMultiple (node:net:1708:16)&apos;,
      message: &apos;connect ECONNREFUSED ::1:3001&apos;,
      errno: -4078,
      code: &apos;ECONNREFUSED&apos;,
      syscall: &apos;connect&apos;,
      address: &apos;::1&apos;,
      port: 3001,
      constructor: &apos;Function&lt;Error&gt;&apos;,
      name: &apos;Error&apos;,
      toString: &apos;Function&lt;toString&gt;&apos;
    },
    {
      stack: &apos;Error: connect ECONNREFUSED 127.0.0.1:3001\n&apos; +
        &apos;    at createConnectionError (node:net:1678:14)\n&apos; +
        &apos;    at afterConnectMultiple (node:net:1708:16)&apos;,
      message: &apos;connect ECONNREFUSED 127.0.0.1:3001&apos;,
      errno: -4078,
      code: &apos;ECONNREFUSED&apos;,
      syscall: &apos;connect&apos;,
      address: &apos;127.0.0.1&apos;,
      port: 3001,
      constructor: &apos;Function&lt;Error&gt;&apos;,
      name: &apos;Error&apos;,
      toString: &apos;Function&lt;toString&gt;&apos;
    }
  ],
  code: &apos;ECONNREFUSED&apos;,
  stackStr: &apos;AggregateError: \n&apos; +
    &apos;    at internalConnectMultiple (node:net:1134:18)\n&apos; +
    &apos;    at afterConnectMultiple (node:net:1715:7)&apos;,
  nameStr: &apos;AggregateError&apos;,
  expected: &apos;undefined&apos;,
  actual: &apos;undefined&apos;,
  message: &apos;&apos;,
  constructor: &apos;Function&lt;AggregateError&gt;&apos;,
  name: &apos;Caused by: Caused by: AggregateError&apos;,
  toString: &apos;Function&lt;toString&gt;&apos;,
  stacks: []
}
⎯⎯⎯⎯⎯⎯⎯⎯⎯⎯⎯⎯⎯⎯⎯⎯⎯⎯⎯⎯⎯⎯⎯⎯⎯⎯⎯⎯⎯⎯
Serialized Error: { errors: [ { stack: &apos;Error: connect ECONNREFUSED ::1:3001\n    at createConnectionError (node:net:1678:14)\n    at afterConnectMultiple (node:net:1708:16)&apos;, message: &apos;connect ECONNREFUSED ::1:3001&apos;, errno: -4078, code: &apos;ECONNREFUSED&apos;, syscall: &apos;connect&apos;, address: &apos;::1&apos;, port: 3001, constructor: &apos;Function&lt;Error&gt;&apos;, name: &apos;Error&apos;, toString: &apos;Function&lt;toString&gt;&apos; }, { stack: &apos;Error: connect ECONNREFUSED 127.0.0.1:3001\n    at createConnectionError (node:net:1678:14)\n    at afterConnectMultiple (node:net:1708:16)&apos;, message: &apos;connect ECONNREFUSED 127.0.0.1:3001&apos;, errno: -4078, code: &apos;ECONNREFUSED&apos;, syscall: &apos;connect&apos;, address: &apos;127.0.0.1&apos;, port: 3001, constructor: &apos;Function&lt;Error&gt;&apos;, name: &apos;Error&apos;, toString: &apos;Function&lt;toString&gt;&apos; } ], code: &apos;ECONNREFUSED&apos; }
            </failure>
        </testcase>
        <testcase classname="smoke/api-smoke.test.ts" name="API Smoke Tests &gt; Response Format &gt; should return JSON content type" time="0.0027431">
            <failure message="fetch failed" type="TypeError">
TypeError: fetch failed
 ❯ apiRequest helpers/api-client.ts:57:20
 ❯ smoke/api-smoke.test.ts:157:24

{
  stack: &apos;AggregateError: \n&apos; +
    &apos;    at internalConnectMultiple (node:net:1134:18)\n&apos; +
    &apos;    at afterConnectMultiple (node:net:1715:7)&apos;,
  errors: [
    {
      stack: &apos;Error: connect ECONNREFUSED ::1:3001\n&apos; +
        &apos;    at createConnectionError (node:net:1678:14)\n&apos; +
        &apos;    at afterConnectMultiple (node:net:1708:16)&apos;,
      message: &apos;connect ECONNREFUSED ::1:3001&apos;,
      errno: -4078,
      code: &apos;ECONNREFUSED&apos;,
      syscall: &apos;connect&apos;,
      address: &apos;::1&apos;,
      port: 3001,
      constructor: &apos;Function&lt;Error&gt;&apos;,
      name: &apos;Error&apos;,
      toString: &apos;Function&lt;toString&gt;&apos;
    },
    {
      stack: &apos;Error: connect ECONNREFUSED 127.0.0.1:3001\n&apos; +
        &apos;    at createConnectionError (node:net:1678:14)\n&apos; +
        &apos;    at afterConnectMultiple (node:net:1708:16)&apos;,
      message: &apos;connect ECONNREFUSED 127.0.0.1:3001&apos;,
      errno: -4078,
      code: &apos;ECONNREFUSED&apos;,
      syscall: &apos;connect&apos;,
      address: &apos;127.0.0.1&apos;,
      port: 3001,
      constructor: &apos;Function&lt;Error&gt;&apos;,
      name: &apos;Error&apos;,
      toString: &apos;Function&lt;toString&gt;&apos;
    }
  ],
  code: &apos;ECONNREFUSED&apos;,
  stackStr: &apos;AggregateError: \n&apos; +
    &apos;    at internalConnectMultiple (node:net:1134:18)\n&apos; +
    &apos;    at afterConnectMultiple (node:net:1715:7)&apos;,
  nameStr: &apos;AggregateError&apos;,
  expected: &apos;undefined&apos;,
  actual: &apos;undefined&apos;,
  message: &apos;&apos;,
  constructor: &apos;Function&lt;AggregateError&gt;&apos;,
  name: &apos;Caused by: Caused by: AggregateError&apos;,
  toString: &apos;Function&lt;toString&gt;&apos;,
  stacks: []
}
⎯⎯⎯⎯⎯⎯⎯⎯⎯⎯⎯⎯⎯⎯⎯⎯⎯⎯⎯⎯⎯⎯⎯⎯⎯⎯⎯⎯⎯⎯
Serialized Error: { errors: [ { stack: &apos;Error: connect ECONNREFUSED ::1:3001\n    at createConnectionError (node:net:1678:14)\n    at afterConnectMultiple (node:net:1708:16)&apos;, message: &apos;connect ECONNREFUSED ::1:3001&apos;, errno: -4078, code: &apos;ECONNREFUSED&apos;, syscall: &apos;connect&apos;, address: &apos;::1&apos;, port: 3001, constructor: &apos;Function&lt;Error&gt;&apos;, name: &apos;Error&apos;, toString: &apos;Function&lt;toString&gt;&apos; }, { stack: &apos;Error: connect ECONNREFUSED 127.0.0.1:3001\n    at createConnectionError (node:net:1678:14)\n    at afterConnectMultiple (node:net:1708:16)&apos;, message: &apos;connect ECONNREFUSED 127.0.0.1:3001&apos;, errno: -4078, code: &apos;ECONNREFUSED&apos;, syscall: &apos;connect&apos;, address: &apos;127.0.0.1&apos;, port: 3001, constructor: &apos;Function&lt;Error&gt;&apos;, name: &apos;Error&apos;, toString: &apos;Function&lt;toString&gt;&apos; } ], code: &apos;ECONNREFUSED&apos; }
            </failure>
        </testcase>
        <testcase classname="smoke/api-smoke.test.ts" name="API Smoke Tests &gt; Response Format &gt; should include request ID in response" time="0.0021708">
            <failure message="fetch failed" type="TypeError">
TypeError: fetch failed
 ❯ apiRequest helpers/api-client.ts:57:20
 ❯ smoke/api-smoke.test.ts:164:24

{
  stack: &apos;AggregateError: \n&apos; +
    &apos;    at internalConnectMultiple (node:net:1134:18)\n&apos; +
    &apos;    at afterConnectMultiple (node:net:1715:7)&apos;,
  errors: [
    {
      stack: &apos;Error: connect ECONNREFUSED ::1:3001\n&apos; +
        &apos;    at createConnectionError (node:net:1678:14)\n&apos; +
        &apos;    at afterConnectMultiple (node:net:1708:16)&apos;,
      message: &apos;connect ECONNREFUSED ::1:3001&apos;,
      errno: -4078,
      code: &apos;ECONNREFUSED&apos;,
      syscall: &apos;connect&apos;,
      address: &apos;::1&apos;,
      port: 3001,
      constructor: &apos;Function&lt;Error&gt;&apos;,
      name: &apos;Error&apos;,
      toString: &apos;Function&lt;toString&gt;&apos;
    },
    {
      stack: &apos;Error: connect ECONNREFUSED 127.0.0.1:3001\n&apos; +
        &apos;    at createConnectionError (node:net:1678:14)\n&apos; +
        &apos;    at afterConnectMultiple (node:net:1708:16)&apos;,
      message: &apos;connect ECONNREFUSED 127.0.0.1:3001&apos;,
      errno: -4078,
      code: &apos;ECONNREFUSED&apos;,
      syscall: &apos;connect&apos;,
      address: &apos;127.0.0.1&apos;,
      port: 3001,
      constructor: &apos;Function&lt;Error&gt;&apos;,
      name: &apos;Error&apos;,
      toString: &apos;Function&lt;toString&gt;&apos;
    }
  ],
  code: &apos;ECONNREFUSED&apos;,
  stackStr: &apos;AggregateError: \n&apos; +
    &apos;    at internalConnectMultiple (node:net:1134:18)\n&apos; +
    &apos;    at afterConnectMultiple (node:net:1715:7)&apos;,
  nameStr: &apos;AggregateError&apos;,
  expected: &apos;undefined&apos;,
  actual: &apos;undefined&apos;,
  message: &apos;&apos;,
  constructor: &apos;Function&lt;AggregateError&gt;&apos;,
  name: &apos;Caused by: Caused by: AggregateError&apos;,
  toString: &apos;Function&lt;toString&gt;&apos;,
  stacks: []
}
⎯⎯⎯⎯⎯⎯⎯⎯⎯⎯⎯⎯⎯⎯⎯⎯⎯⎯⎯⎯⎯⎯⎯⎯⎯⎯⎯⎯⎯⎯
Serialized Error: { errors: [ { stack: &apos;Error: connect ECONNREFUSED ::1:3001\n    at createConnectionError (node:net:1678:14)\n    at afterConnectMultiple (node:net:1708:16)&apos;, message: &apos;connect ECONNREFUSED ::1:3001&apos;, errno: -4078, code: &apos;ECONNREFUSED&apos;, syscall: &apos;connect&apos;, address: &apos;::1&apos;, port: 3001, constructor: &apos;Function&lt;Error&gt;&apos;, name: &apos;Error&apos;, toString: &apos;Function&lt;toString&gt;&apos; }, { stack: &apos;Error: connect ECONNREFUSED 127.0.0.1:3001\n    at createConnectionError (node:net:1678:14)\n    at afterConnectMultiple (node:net:1708:16)&apos;, message: &apos;connect ECONNREFUSED 127.0.0.1:3001&apos;, errno: -4078, code: &apos;ECONNREFUSED&apos;, syscall: &apos;connect&apos;, address: &apos;127.0.0.1&apos;, port: 3001, constructor: &apos;Function&lt;Error&gt;&apos;, name: &apos;Error&apos;, toString: &apos;Function&lt;toString&gt;&apos; } ], code: &apos;ECONNREFUSED&apos; }
            </failure>
        </testcase>
    </testsuite>
</testsuites>
